3499
0 0 2 3
3 0 5 3
6 0 8 3
9 0 11 3
12 0 14 3
15 0 17 3
18 0 20 3
21 0 23 3
24 0 26 3
30 0 32 3
33 0 35 3
36 0 38 3
39 0 41 3
42 0 44 3
45 0 47 3
48 0 50 3
51 0 53 3
54 0 56 3
57 0 59 3
60 0 62 3
63 0 65 3
66 0 68 3
69 0 71 3
72 0 74 3
75 0 77 3
78 0 80 3
81 0 83 3
84 0 86 3
87 0 89 3
90 0 92 3
93 0 95 3
96 0 98 3
99 0 101 3
102 0 104 3
105 0 107 3
108 0 110 3
111 0 113 3
114 0 116 3
117 0 119 3
120 0 122 3
123 0 125 3
126 0 128 3
129 0 131 3
132 0 134 3
135 0 137 3
138 0 140 3
141 0 143 3
144 0 146 3
147 0 149 3
150 0 152 3
153 0 155 3
156 0 158 3
165 0 167 3
168 0 170 3
171 0 173 3
177 0 179 3
180 0 182 3
183 0 185 3
186 0 188 3
189 0 191 3
192 0 194 3
195 0 197 3
0 4 2 7
3 4 5 7
6 4 8 7
9 4 11 7
15 4 17 7
18 4 20 7
21 4 23 7
27 4 29 7
30 4 32 7
36 4 38 7
39 4 41 7
42 4 44 7
45 4 47 7
48 4 50 7
51 4 53 7
57 4 59 7
60 4 62 7
69 4 71 7
72 4 74 7
75 4 77 7
78 4 80 7
81 4 83 7
87 4 89 7
90 4 92 7
93 4 95 7
99 4 101 7
102 4 104 7
105 4 107 7
111 4 113 7
114 4 116 7
117 4 119 7
120 4 122 7
123 4 125 7
126 4 128 7
132 4 134 7
135 4 137 7
138 4 140 7
141 4 143 7
147 4 149 7
150 4 152 7
153 4 155 7
156 4 158 7
159 4 161 7
162 4 164 7
165 4 167 7
168 4 170 7
171 4 173 7
174 4 176 7
177 4 179 7
180 4 182 7
183 4 185 7
186 4 188 7
189 4 191 7
195 4 197 7
0 8 2 11
3 8 5 11
6 8 8 11
9 8 11 11
12 8 14 11
15 8 17 11
18 8 20 11
21 8 23 11
24 8 26 11
27 8 29 11
33 8 35 11
39 8 41 11
42 8 44 11
45 8 47 11
48 8 50 11
51 8 53 11
54 8 56 11
57 8 59 11
60 8 62 11
63 8 65 11
66 8 68 11
69 8 71 11
72 8 74 11
75 8 77 11
84 8 86 11
87 8 89 11
90 8 92 11
96 8 98 11
99 8 101 11
102 8 104 11
105 8 107 11
111 8 113 11
114 8 116 11
117 8 119 11
120 8 122 11
123 8 125 11
126 8 128 11
129 8 131 11
132 8 134 11
135 8 137 11
138 8 140 11
141 8 143 11
147 8 149 11
150 8 152 11
153 8 155 11
156 8 158 11
162 8 164 11
165 8 167 11
168 8 170 11
171 8 173 11
174 8 176 11
177 8 179 11
180 8 182 11
183 8 185 11
186 8 188 11
189 8 191 11
192 8 194 11
195 8 197 11
0 12 2 15
3 12 5 15
6 12 8 15
9 12 11 15
12 12 14 15
15 12 17 15
21 12 23 15
24 12 26 15
27 12 29 15
30 12 32 15
33 12 35 15
36 12 38 15
39 12 41 15
42 12 44 15
45 12 47 15
48 12 50 15
51 12 53 15
54 12 56 15
57 12 59 15
60 12 62 15
63 12 65 15
66 12 68 15
69 12 71 15
72 12 74 15
75 12 77 15
87 12 89 15
93 12 95 15
96 12 98 15
99 12 101 15
102 12 104 15
105 12 107 15
108 12 110 15
117 12 119 15
120 12 122 15
123 12 125 15
126 12 128 15
132 12 134 15
135 12 137 15
138 12 140 15
141 12 143 15
144 12 146 15
147 12 149 15
150 12 152 15
153 12 155 15
156 12 158 15
159 12 161 15
162 12 164 15
165 12 167 15
171 12 173 15
174 12 176 15
177 12 179 15
180 12 182 15
183 12 185 15
186 12 188 15
192 12 194 15
195 12 197 15
0 16 2 19
3 16 5 19
6 16 8 19
12 16 14 19
18 16 20 19
21 16 23 19
24 16 26 19
30 16 32 19
33 16 35 19
39 16 41 19
42 16 44 19
48 16 50 19
51 16 53 19
54 16 56 19
57 16 59 19
60 16 62 19
66 16 68 19
69 16 71 19
72 16 74 19
75 16 77 19
78 16 80 19
84 16 86 19
90 16 92 19
93 16 95 19
96 16 98 19
105 16 107 19
111 16 113 19
117 16 119 19
120 16 122 19
123 16 125 19
126 16 128 19
129 16 131 19
132 16 134 19
138 16 140 19
141 16 143 19
144 16 146 19
150 16 152 19
153 16 155 19
162 16 164 19
165 16 167 19
168 16 170 19
171 16 173 19
174 16 176 19
177 16 179 19
180 16 182 19
183 16 185 19
186 16 188 19
189 16 191 19
192 16 194 19
0 20 2 23
3 20 5 23
6 20 8 23
9 20 11 23
12 20 14 23
15 20 17 23
18 20 20 23
21 20 23 23
27 20 29 23
30 20 32 23
33 20 35 23
36 20 38 23
39 20 41 23
42 20 44 23
45 20 47 23
51 20 53 23
54 20 56 23
60 20 62 23
63 20 65 23
66 20 68 23
69 20 71 23
72 20 74 23
75 20 77 23
78 20 80 23
81 20 83 23
84 20 86 23
87 20 89 23
90 20 92 23
93 20 95 23
96 20 98 23
99 20 101 23
102 20 104 23
111 20 113 23
114 20 116 23
117 20 119 23
120 20 122 23
126 20 128 23
132 20 134 23
138 20 140 23
141 20 143 23
144 20 146 23
147 20 149 23
150 20 152 23
153 20 155 23
156 20 158 23
159 20 161 23
162 20 164 23
165 20 167 23
168 20 170 23
171 20 173 23
174 20 176 23
183 20 185 23
186 20 188 23
189 20 191 23
192 20 194 23
195 20 197 23
0 24 2 27
3 24 5 27
6 24 8 27
9 24 11 27
12 24 14 27
15 24 17 27
18 24 20 27
21 24 23 27
24 24 26 27
27 24 29 27
30 24 32 27
33 24 35 27
36 24 38 27
39 24 41 27
42 24 44 27
45 24 47 27
48 24 50 27
51 24 53 27
57 24 59 27
60 24 62 27
63 24 65 27
66 24 68 27
69 24 71 27
72 24 74 27
75 24 77 27
78 24 80 27
81 24 83 27
84 24 86 27
87 24 89 27
90 24 92 27
93 24 95 27
96 24 98 27
99 24 101 27
105 24 107 27
108 24 110 27
111 24 113 27
114 24 116 27
117 24 119 27
120 24 122 27
126 24 128 27
129 24 131 27
132 24 134 27
135 24 137 27
138 24 140 27
141 24 143 27
144 24 146 27
147 24 149 27
150 24 152 27
156 24 158 27
162 24 164 27
165 24 167 27
168 24 170 27
174 24 176 27
177 24 179 27
180 24 182 27
186 24 188 27
189 24 191 27
192 24 194 27
195 24 197 27
0 28 2 31
6 28 8 31
9 28 11 31
12 28 14 31
15 28 17 31
18 28 20 31
21 28 23 31
27 28 29 31
33 28 35 31
36 28 38 31
39 28 41 31
42 28 44 31
45 28 47 31
51 28 53 31
54 28 56 31
60 28 62 31
63 28 65 31
66 28 68 31
69 28 71 31
75 28 77 31
78 28 80 31
84 28 86 31
87 28 89 31
90 28 92 31
93 28 95 31
96 28 98 31
99 28 101 31
102 28 104 31
105 28 107 31
114 28 116 31
117 28 119 31
126 28 128 31
129 28 131 31
132 28 134 31
135 28 137 31
138 28 140 31
141 28 143 31
144 28 146 31
147 28 149 31
150 28 152 31
153 28 155 31
162 28 164 31
165 28 167 31
168 28 170 31
171 28 173 31
177 28 179 31
180 28 182 31
183 28 185 31
186 28 188 31
189 28 191 31
192 28 194 31
195 28 197 31
0 32 2 35
3 32 5 35
6 32 8 35
9 32 11 35
12 32 14 35
15 32 17 35
21 32 23 35
27 32 29 35
30 32 32 35
33 32 35 35
36 32 38 35
39 32 41 35
42 32 44 35
45 32 47 35
48 32 50 35
51 32 53 35
54 32 56 35
57 32 59 35
60 32 62 35
63 32 65 35
66 32 68 35
69 32 71 35
72 32 74 35
78 32 80 35
84 32 86 35
87 32 89 35
90 32 92 35
93 32 95 35
96 32 98 35
102 32 104 35
105 32 107 35
108 32 110 35
111 32 113 35
114 32 116 35
117 32 119 35
126 32 128 35
129 32 131 35
132 32 134 35
138 32 140 35
141 32 143 35
144 32 146 35
147 32 149 35
150 32 152 35
153 32 155 35
156 32 158 35
159 32 161 35
162 32 164 35
168 32 170 35
171 32 173 35
174 32 176 35
177 32 179 35
180 32 182 35
183 32 185 35
186 32 188 35
189 32 191 35
195 32 197 35
0 36 2 39
3 36 5 39
6 36 8 39
9 36 11 39
12 36 14 39
21 36 23 39
24 36 26 39
27 36 29 39
30 36 32 39
33 36 35 39
36 36 38 39
42 36 44 39
45 36 47 39
48 36 50 39
51 36 53 39
54 36 56 39
57 36 59 39
63 36 65 39
66 36 68 39
69 36 71 39
72 36 74 39
78 36 80 39
81 36 83 39
84 36 86 39
90 36 92 39
93 36 95 39
99 36 101 39
102 36 104 39
105 36 107 39
108 36 110 39
111 36 113 39
114 36 116 39
117 36 119 39
120 36 122 39
123 36 125 39
129 36 131 39
132 36 134 39
138 36 140 39
141 36 143 39
144 36 146 39
150 36 152 39
153 36 155 39
156 36 158 39
159 36 161 39
162 36 164 39
165 36 167 39
168 36 170 39
171 36 173 39
174 36 176 39
177 36 179 39
180 36 182 39
183 36 185 39
186 36 188 39
192 36 194 39
195 36 197 39
0 40 2 43
6 40 8 43
9 40 11 43
12 40 14 43
15 40 17 43
18 40 20 43
21 40 23 43
24 40 26 43
27 40 29 43
30 40 32 43
33 40 35 43
36 40 38 43
42 40 44 43
45 40 47 43
48 40 50 43
51 40 53 43
54 40 56 43
57 40 59 43
60 40 62 43
63 40 65 43
69 40 71 43
72 40 74 43
75 40 77 43
78 40 80 43
81 40 83 43
84 40 86 43
87 40 89 43
90 40 92 43
93 40 95 43
96 40 98 43
102 40 104 43
105 40 107 43
108 40 110 43
114 40 116 43
117 40 119 43
123 40 125 43
126 40 128 43
129 40 131 43
132 40 134 43
135 40 137 43
138 40 140 43
141 40 143 43
144 40 146 43
150 40 152 43
153 40 155 43
156 40 158 43
162 40 164 43
165 40 167 43
168 40 170 43
171 40 173 43
174 40 176 43
177 40 179 43
180 40 182 43
183 40 185 43
186 40 188 43
189 40 191 43
192 40 194 43
195 40 197 43
0 44 2 47
3 44 5 47
9 44 11 47
12 44 14 47
15 44 17 47
18 44 20 47
21 44 23 47
24 44 26 47
27 44 29 47
30 44 32 47
39 44 41 47
45 44 47 47
48 44 50 47
51 44 53 47
54 44 56 47
57 44 59 47
60 44 62 47
63 44 65 47
66 44 68 47
69 44 71 47
72 44 74 47
75 44 77 47
78 44 80 47
81 44 83 47
84 44 86 47
87 44 89 47
90 44 92 47
93 44 95 47
96 44 98 47
99 44 101 47
102 44 104 47
108 44 110 47
111 44 113 47
114 44 116 47
117 44 119 47
120 44 122 47
123 44 125 47
126 44 128 47
132 44 134 47
135 44 137 47
138 44 140 47
141 44 143 47
147 44 149 47
150 44 152 47
156 44 158 47
159 44 161 47
162 44 164 47
168 44 170 47
171 44 173 47
174 44 176 47
177 44 179 47
180 44 182 47
186 44 188 47
189 44 191 47
192 44 194 47
195 44 197 47
0 48 2 51
3 48 5 51
9 48 11 51
12 48 14 51
15 48 17 51
18 48 20 51
21 48 23 51
24 48 26 51
33 48 35 51
36 48 38 51
39 48 41 51
42 48 44 51
45 48 47 51
48 48 50 51
51 48 53 51
54 48 56 51
60 48 62 51
63 48 65 51
66 48 68 51
69 48 71 51
72 48 74 51
75 48 77 51
78 48 80 51
81 48 83 51
84 48 86 51
87 48 89 51
90 48 92 51
93 48 95 51
96 48 98 51
102 48 104 51
105 48 107 51
108 48 110 51
114 48 116 51
117 48 119 51
120 48 122 51
123 48 125 51
126 48 128 51
129 48 131 51
132 48 134 51
141 48 143 51
144 48 146 51
147 48 149 51
150 48 152 51
153 48 155 51
156 48 158 51
159 48 161 51
162 48 164 51
165 48 167 51
168 48 170 51
171 48 173 51
174 48 176 51
177 48 179 51
183 48 185 51
186 48 188 51
189 48 191 51
192 48 194 51
195 48 197 51
0 52 2 55
3 52 5 55
6 52 8 55
9 52 11 55
12 52 14 55
15 52 17 55
18 52 20 55
21 52 23 55
24 52 26 55
27 52 29 55
33 52 35 55
39 52 41 55
42 52 44 55
45 52 47 55
54 52 56 55
57 52 59 55
60 52 62 55
63 52 65 55
66 52 68 55
69 52 71 55
72 52 74 55
75 52 77 55
78 52 80 55
81 52 83 55
84 52 86 55
90 52 92 55
93 52 95 55
99 52 101 55
102 52 104 55
105 52 107 55
108 52 110 55
111 52 113 55
114 52 116 55
117 52 119 55
126 52 128 55
129 52 131 55
135 52 137 55
141 52 143 55
144 52 146 55
147 52 149 55
150 52 152 55
153 52 155 55
156 52 158 55
159 52 161 55
162 52 164 55
165 52 167 55
171 52 173 55
174 52 176 55
180 52 182 55
183 52 185 55
189 52 191 55
192 52 194 55
195 52 197 55
0 56 2 59
3 56 5 59
6 56 8 59
9 56 11 59
12 56 14 59
15 56 17 59
18 56 20 59
21 56 23 59
24 56 26 59
27 56 29 59
30 56 32 59
33 56 35 59
36 56 38 59
42 56 44 59
48 56 50 59
51 56 53 59
54 56 56 59
57 56 59 59
60 56 62 59
63 56 65 59
66 56 68 59
69 56 71 59
78 56 80 59
81 56 83 59
84 56 86 59
87 56 89 59
90 56 92 59
93 56 95 59
96 56 98 59
99 56 101 59
102 56 104 59
105 56 107 59
108 56 110 59
111 56 113 59
114 56 116 59
120 56 122 59
123 56 125 59
126 56 128 59
129 56 131 59
132 56 134 59
135 56 137 59
138 56 140 59
141 56 143 59
144 56 146 59
147 56 149 59
150 56 152 59
153 56 155 59
156 56 158 59
159 56 161 59
162 56 164 59
165 56 167 59
168 56 170 59
171 56 173 59
174 56 176 59
177 56 179 59
180 56 182 59
183 56 185 59
189 56 191 59
192 56 194 59
195 56 197 59
0 60 2 63
3 60 5 63
6 60 8 63
9 60 11 63
12 60 14 63
15 60 17 63
18 60 20 63
21 60 23 63
24 60 26 63
27 60 29 63
30 60 32 63
33 60 35 63
36 60 38 63
39 60 41 63
42 60 44 63
51 60 53 63
57 60 59 63
60 60 62 63
63 60 65 63
66 60 68 63
69 60 71 63
72 60 74 63
75 60 77 63
78 60 80 63
81 60 83 63
84 60 86 63
87 60 89 63
90 60 92 63
93 60 95 63
96 60 98 63
99 60 101 63
102 60 104 63
108 60 110 63
111 60 113 63
114 60 116 63
117 60 119 63
120 60 122 63
123 60 125 63
126 60 128 63
129 60 131 63
132 60 134 63
135 60 137 63
138 60 140 63
141 60 143 63
147 60 149 63
150 60 152 63
153 60 155 63
159 60 161 63
162 60 164 63
165 60 167 63
168 60 170 63
171 60 173 63
177 60 179 63
180 60 182 63
186 60 188 63
189 60 191 63
192 60 194 63
195 60 197 63
0 64 2 67
3 64 5 67
6 64 8 67
9 64 11 67
12 64 14 67
15 64 17 67
18 64 20 67
21 64 23 67
24 64 26 67
27 64 29 67
30 64 32 67
33 64 35 67
36 64 38 67
39 64 41 67
42 64 44 67
45 64 47 67
48 64 50 67
51 64 53 67
54 64 56 67
60 64 62 67
63 64 65 67
69 64 71 67
72 64 74 67
75 64 77 67
78 64 80 67
81 64 83 67
84 64 86 67
87 64 89 67
90 64 92 67
93 64 95 67
96 64 98 67
99 64 101 67
105 64 107 67
111 64 113 67
117 64 119 67
120 64 122 67
123 64 125 67
129 64 131 67
132 64 134 67
138 64 140 67
141 64 143 67
144 64 146 67
147 64 149 67
150 64 152 67
153 64 155 67
156 64 158 67
159 64 161 67
162 64 164 67
168 64 170 67
171 64 173 67
174 64 176 67
180 64 182 67
183 64 185 67
186 64 188 67
189 64 191 67
192 64 194 67
195 64 197 67
0 68 2 71
3 68 5 71
6 68 8 71
9 68 11 71
15 68 17 71
18 68 20 71
21 68 23 71
24 68 26 71
27 68 29 71
30 68 32 71
36 68 38 71
39 68 41 71
42 68 44 71
45 68 47 71
48 68 50 71
54 68 56 71
60 68 62 71
63 68 65 71
69 68 71 71
75 68 77 71
81 68 83 71
84 68 86 71
90 68 92 71
93 68 95 71
99 68 101 71
105 68 107 71
108 68 110 71
111 68 113 71
114 68 116 71
117 68 119 71
120 68 122 71
126 68 128 71
129 68 131 71
132 68 134 71
138 68 140 71
141 68 143 71
144 68 146 71
147 68 149 71
150 68 152 71
153 68 155 71
156 68 158 71
162 68 164 71
165 68 167 71
168 68 170 71
171 68 173 71
174 68 176 71
177 68 179 71
180 68 182 71
186 68 188 71
189 68 191 71
192 68 194 71
0 72 2 75
3 72 5 75
6 72 8 75
9 72 11 75
12 72 14 75
15 72 17 75
21 72 23 75
24 72 26 75
27 72 29 75
33 72 35 75
36 72 38 75
42 72 44 75
45 72 47 75
48 72 50 75
51 72 53 75
57 72 59 75
63 72 65 75
69 72 71 75
72 72 74 75
75 72 77 75
78 72 80 75
81 72 83 75
84 72 86 75
87 72 89 75
90 72 92 75
93 72 95 75
96 72 98 75
99 72 101 75
102 72 104 75
108 72 110 75
111 72 113 75
114 72 116 75
117 72 119 75
120 72 122 75
123 72 125 75
126 72 128 75
132 72 134 75
138 72 140 75
141 72 143 75
144 72 146 75
150 72 152 75
153 72 155 75
159 72 161 75
162 72 164 75
165 72 167 75
168 72 170 75
171 72 173 75
174 72 176 75
177 72 179 75
180 72 182 75
183 72 185 75
186 72 188 75
192 72 194 75
195 72 197 75
0 76 2 79
3 76 5 79
6 76 8 79
9 76 11 79
18 76 20 79
21 76 23 79
24 76 26 79
27 76 29 79
33 76 35 79
36 76 38 79
39 76 41 79
42 76 44 79
45 76 47 79
48 76 50 79
51 76 53 79
54 76 56 79
57 76 59 79
60 76 62 79
63 76 65 79
66 76 68 79
69 76 71 79
72 76 74 79
75 76 77 79
81 76 83 79
84 76 86 79
87 76 89 79
90 76 92 79
93 76 95 79
96 76 98 79
99 76 101 79
102 76 104 79
105 76 107 79
108 76 110 79
111 76 113 79
117 76 119 79
126 76 128 79
132 76 134 79
135 76 137 79
141 76 143 79
147 76 149 79
150 76 152 79
156 76 158 79
159 76 161 79
162 76 164 79
165 76 167 79
168 76 170 79
171 76 173 79
174 76 176 79
177 76 179 79
180 76 182 79
183 76 185 79
186 76 188 79
189 76 191 79
192 76 194 79
195 76 197 79
0 80 2 83
6 80 8 83
9 80 11 83
15 80 17 83
18 80 20 83
21 80 23 83
24 80 26 83
33 80 35 83
36 80 38 83
39 80 41 83
42 80 44 83
45 80 47 83
48 80 50 83
51 80 53 83
54 80 56 83
60 80 62 83
63 80 65 83
66 80 68 83
69 80 71 83
72 80 74 83
75 80 77 83
78 80 80 83
81 80 83 83
87 80 89 83
90 80 92 83
93 80 95 83
96 80 98 83
99 80 101 83
102 80 104 83
108 80 110 83
111 80 113 83
114 80 116 83
117 80 119 83
120 80 122 83
123 80 125 83
126 80 128 83
129 80 131 83
135 80 137 83
138 80 140 83
144 80 146 83
147 80 149 83
150 80 152 83
153 80 155 83
156 80 158 83
159 80 161 83
162 80 164 83
165 80 167 83
168 80 170 83
171 80 173 83
174 80 176 83
177 80 179 83
180 80 182 83
183 80 185 83
186 80 188 83
189 80 191 83
192 80 194 83
195 80 197 83
0 84 2 87
3 84 5 87
6 84 8 87
9 84 11 87
12 84 14 87
18 84 20 87
21 84 23 87
24 84 26 87
27 84 29 87
30 84 32 87
33 84 35 87
39 84 41 87
42 84 44 87
45 84 47 87
48 84 50 87
57 84 59 87
60 84 62 87
63 84 65 87
66 84 68 87
69 84 71 87
78 84 80 87
81 84 83 87
84 84 86 87
87 84 89 87
90 84 92 87
93 84 95 87
96 84 98 87
99 84 101 87
102 84 104 87
105 84 107 87
108 84 110 87
111 84 113 87
114 84 116 87
117 84 119 87
120 84 122 87
123 84 125 87
126 84 128 87
129 84 131 87
132 84 134 87
135 84 137 87
138 84 140 87
141 84 143 87
144 84 146 87
156 84 158 87
159 84 161 87
162 84 164 87
165 84 167 87
171 84 173 87
174 84 176 87
180 84 182 87
183 84 185 87
186 84 188 87
192 84 194 87
195 84 197 87
3 88 5 91
6 88 8 91
9 88 11 91
12 88 14 91
15 88 17 91
18 88 20 91
21 88 23 91
24 88 26 91
27 88 29 91
30 88 32 91
36 88 38 91
39 88 41 91
42 88 44 91
45 88 47 91
48 88 50 91
51 88 53 91
54 88 56 91
57 88 59 91
60 88 62 91
63 88 65 91
66 88 68 91
69 88 71 91
72 88 74 91
75 88 77 91
78 88 80 91
81 88 83 91
84 88 86 91
87 88 89 91
90 88 92 91
93 88 95 91
96 88 98 91
99 88 101 91
102 88 104 91
105 88 107 91
108 88 110 91
111 88 113 91
114 88 116 91
117 88 119 91
120 88 122 91
123 88 125 91
129 88 131 91
132 88 134 91
135 88 137 91
141 88 143 91
144 88 146 91
147 88 149 91
150 88 152 91
153 88 155 91
159 88 161 91
165 88 167 91
168 88 170 91
171 88 173 91
174 88 176 91
177 88 179 91
180 88 182 91
183 88 185 91
186 88 188 91
189 88 191 91
192 88 194 91
195 88 197 91
0 92 2 95
3 92 5 95
6 92 8 95
9 92 11 95
12 92 14 95
15 92 17 95
21 92 23 95
24 92 26 95
27 92 29 95
30 92 32 95
33 92 35 95
36 92 38 95
42 92 44 95
45 92 47 95
48 92 50 95
51 92 53 95
54 92 56 95
57 92 59 95
63 92 65 95
66 92 68 95
69 92 71 95
75 92 77 95
78 92 80 95
81 92 83 95
84 92 86 95
87 92 89 95
90 92 92 95
96 92 98 95
99 92 101 95
102 92 104 95
105 92 107 95
108 92 110 95
111 92 113 95
117 92 119 95
120 92 122 95
123 92 125 95
126 92 128 95
129 92 131 95
138 92 140 95
141 92 143 95
147 92 149 95
150 92 152 95
153 92 155 95
162 92 164 95
168 92 170 95
171 92 173 95
177 92 179 95
180 92 182 95
183 92 185 95
186 92 188 95
189 92 191 95
192 92 194 95
195 92 197 95
0 96 2 99
3 96 5 99
6 96 8 99
9 96 11 99
18 96 20 99
21 96 23 99
24 96 26 99
27 96 29 99
30 96 32 99
33 96 35 99
39 96 41 99
42 96 44 99
45 96 47 99
48 96 50 99
51 96 53 99
54 96 56 99
57 96 59 99
60 96 62 99
63 96 65 99
66 96 68 99
69 96 71 99
75 96 77 99
81 96 83 99
84 96 86 99
87 96 89 99
90 96 92 99
93 96 95 99
96 96 98 99
99 96 101 99
102 96 104 99
105 96 107 99
108 96 110 99
111 96 113 99
114 96 116 99
117 96 119 99
120 96 122 99
126 96 128 99
129 96 131 99
135 96 137 99
141 96 143 99
144 96 146 99
147 96 149 99
153 96 155 99
156 96 158 99
159 96 161 99
162 96 164 99
165 96 167 99
168 96 170 99
171 96 173 99
174 96 176 99
177 96 179 99
180 96 182 99
183 96 185 99
186 96 188 99
189 96 191 99
192 96 194 99
0 100 2 103
3 100 5 103
6 100 8 103
12 100 14 103
15 100 17 103
18 100 20 103
24 100 26 103
27 100 29 103
30 100 32 103
33 100 35 103
36 100 38 103
39 100 41 103
42 100 44 103
45 100 47 103
48 100 50 103
54 100 56 103
57 100 59 103
60 100 62 103
66 100 68 103
69 100 71 103
72 100 74 103
75 100 77 103
78 100 80 103
81 100 83 103
84 100 86 103
96 100 98 103
99 100 101 103
108 100 110 103
111 100 113 103
114 100 116 103
117 100 119 103
120 100 122 103
123 100 125 103
126 100 128 103
129 100 131 103
132 100 134 103
135 100 137 103
141 100 143 103
144 100 146 103
147 100 149 103
150 100 152 103
156 100 158 103
162 100 164 103
168 100 170 103
171 100 173 103
174 100 176 103
177 100 179 103
183 100 185 103
186 100 188 103
189 100 191 103
192 100 194 103
195 100 197 103
0 104 2 107
9 104 11 107
12 104 14 107
15 104 17 107
18 104 20 107
21 104 23 107
24 104 26 107
27 104 29 107
30 104 32 107
36 104 38 107
39 104 41 107
42 104 44 107
48 104 50 107
51 104 53 107
54 104 56 107
57 104 59 107
60 104 62 107
63 104 65 107
66 104 68 107
72 104 74 107
75 104 77 107
78 104 80 107
81 104 83 107
84 104 86 107
87 104 89 107
90 104 92 107
93 104 95 107
96 104 98 107
99 104 101 107
102 104 104 107
105 104 107 107
108 104 110 107
111 104 113 107
114 104 116 107
117 104 119 107
123 104 125 107
126 104 128 107
129 104 131 107
132 104 134 107
135 104 137 107
138 104 140 107
141 104 143 107
144 104 146 107
147 104 149 107
150 104 152 107
153 104 155 107
156 104 158 107
162 104 164 107
165 104 167 107
174 104 176 107
180 104 182 107
183 104 185 107
186 104 188 107
189 104 191 107
192 104 194 107
195 104 197 107
0 108 2 111
3 108 5 111
6 108 8 111
9 108 11 111
15 108 17 111
18 108 20 111
21 108 23 111
24 108 26 111
27 108 29 111
30 108 32 111
33 108 35 111
39 108 41 111
42 108 44 111
45 108 47 111
48 108 50 111
51 108 53 111
54 108 56 111
57 108 59 111
60 108 62 111
63 108 65 111
66 108 68 111
69 108 71 111
72 108 74 111
78 108 80 111
84 108 86 111
87 108 89 111
90 108 92 111
93 108 95 111
96 108 98 111
102 108 104 111
105 108 107 111
108 108 110 111
111 108 113 111
114 108 116 111
117 108 119 111
120 108 122 111
126 108 128 111
129 108 131 111
132 108 134 111
138 108 140 111
141 108 143 111
144 108 146 111
147 108 149 111
150 108 152 111
153 108 155 111
156 108 158 111
159 108 161 111
162 108 164 111
165 108 167 111
168 108 170 111
171 108 173 111
174 108 176 111
180 108 182 111
183 108 185 111
186 108 188 111
192 108 194 111
195 108 197 111
0 112 2 115
3 112 5 115
6 112 8 115
9 112 11 115
15 112 17 115
18 112 20 115
21 112 23 115
24 112 26 115
27 112 29 115
30 112 32 115
33 112 35 115
39 112 41 115
42 112 44 115
45 112 47 115
54 112 56 115
57 112 59 115
60 112 62 115
63 112 65 115
66 112 68 115
69 112 71 115
72 112 74 115
75 112 77 115
81 112 83 115
84 112 86 115
87 112 89 115
90 112 92 115
93 112 95 115
99 112 101 115
102 112 104 115
105 112 107 115
108 112 110 115
111 112 113 115
114 112 116 115
117 112 119 115
120 112 122 115
123 112 125 115
126 112 128 115
129 112 131 115
132 112 134 115
135 112 137 115
138 112 140 115
141 112 143 115
144 112 146 115
147 112 149 115
150 112 152 115
153 112 155 115
156 112 158 115
159 112 161 115
162 112 164 115
165 112 167 115
168 112 170 115
171 112 173 115
174 112 176 115
177 112 179 115
180 112 182 115
183 112 185 115
186 112 188 115
189 112 191 115
192 112 194 115
195 112 197 115
0 116 2 119
3 116 5 119
6 116 8 119
9 116 11 119
15 116 17 119
18 116 20 119
24 116 26 119
27 116 29 119
30 116 32 119
33 116 35 119
36 116 38 119
39 116 41 119
45 116 47 119
51 116 53 119
54 116 56 119
57 116 59 119
63 116 65 119
66 116 68 119
69 116 71 119
72 116 74 119
75 116 77 119
78 116 80 119
81 116 83 119
87 116 89 119
90 116 92 119
93 116 95 119
96 116 98 119
99 116 101 119
102 116 104 119
114 116 116 119
117 116 119 119
120 116 122 119
123 116 125 119
126 116 128 119
129 116 131 119
135 116 137 119
138 116 140 119
141 116 143 119
144 116 146 119
147 116 149 119
150 116 152 119
153 116 155 119
156 116 158 119
159 116 161 119
162 116 164 119
165 116 167 119
168 116 170 119
171 116 173 119
174 116 176 119
177 116 179 119
180 116 182 119
183 116 185 119
192 116 194 119
0 120 2 123
3 120 5 123
6 120 8 123
9 120 11 123
12 120 14 123
15 120 17 123
18 120 20 123
21 120 23 123
24 120 26 123
27 120 29 123
30 120 32 123
33 120 35 123
36 120 38 123
39 120 41 123
42 120 44 123
45 120 47 123
48 120 50 123
51 120 53 123
54 120 56 123
57 120 59 123
66 120 68 123
69 120 71 123
72 120 74 123
81 120 83 123
84 120 86 123
87 120 89 123
90 120 92 123
96 120 98 123
99 120 101 123
102 120 104 123
105 120 107 123
108 120 110 123
111 120 113 123
114 120 116 123
117 120 119 123
120 120 122 123
123 120 125 123
126 120 128 123
129 120 131 123
132 120 134 123
138 120 140 123
144 120 146 123
147 120 149 123
150 120 152 123
156 120 158 123
162 120 164 123
165 120 167 123
168 120 170 123
171 120 173 123
177 120 179 123
180 120 182 123
183 120 185 123
186 120 188 123
189 120 191 123
192 120 194 123
195 120 197 123
0 124 2 127
3 124 5 127
6 124 8 127
9 124 11 127
15 124 17 127
18 124 20 127
24 124 26 127
30 124 32 127
33 124 35 127
36 124 38 127
42 124 44 127
45 124 47 127
48 124 50 127
51 124 53 127
54 124 56 127
57 124 59 127
60 124 62 127
66 124 68 127
69 124 71 127
72 124 74 127
75 124 77 127
78 124 80 127
87 124 89 127
90 124 92 127
93 124 95 127
96 124 98 127
99 124 101 127
105 124 107 127
111 124 113 127
114 124 116 127
120 124 122 127
123 124 125 127
126 124 128 127
129 124 131 127
132 124 134 127
135 124 137 127
138 124 140 127
150 124 152 127
153 124 155 127
156 124 158 127
159 124 161 127
162 124 164 127
168 124 170 127
171 124 173 127
174 124 176 127
177 124 179 127
183 124 185 127
186 124 188 127
189 124 191 127
192 124 194 127
0 128 2 131
6 128 8 131
9 128 11 131
12 128 14 131
18 128 20 131
21 128 23 131
24 128 26 131
33 128 35 131
36 128 38 131
39 128 41 131
42 128 44 131
45 128 47 131
48 128 50 131
51 128 53 131
54 128 56 131
57 128 59 131
60 128 62 131
63 128 65 131
66 128 68 131
69 128 71 131
72 128 74 131
78 128 80 131
81 128 83 131
87 128 89 131
90 128 92 131
93 128 95 131
96 128 98 131
99 128 101 131
102 128 104 131
105 128 107 131
108 128 110 131
111 128 113 131
114 128 116 131
117 128 119 131
126 128 128 131
129 128 131 131
132 128 134 131
138 128 140 131
141 128 143 131
144 128 146 131
150 128 152 131
153 128 155 131
156 128 158 131
159 128 161 131
162 128 164 131
165 128 167 131
168 128 170 131
171 128 173 131
174 128 176 131
177 128 179 131
180 128 182 131
183 128 185 131
186 128 188 131
189 128 191 131
192 128 194 131
195 128 197 131
3 132 5 135
6 132 8 135
9 132 11 135
12 132 14 135
15 132 17 135
18 132 20 135
21 132 23 135
24 132 26 135
27 132 29 135
30 132 32 135
33 132 35 135
36 132 38 135
39 132 41 135
42 132 44 135
45 132 47 135
48 132 50 135
51 132 53 135
60 132 62 135
63 132 65 135
66 132 68 135
69 132 71 135
72 132 74 135
75 132 77 135
81 132 83 135
84 132 86 135
87 132 89 135
90 132 92 135
93 132 95 135
96 132 98 135
99 132 101 135
102 132 104 135
105 132 107 135
108 132 110 135
111 132 113 135
114 132 116 135
117 132 119 135
123 132 125 135
129 132 131 135
135 132 137 135
144 132 146 135
147 132 149 135
150 132 152 135
153 132 155 135
156 132 158 135
168 132 170 135
171 132 173 135
174 132 176 135
177 132 179 135
186 132 188 135
189 132 191 135
192 132 194 135
195 132 197 135
0 136 2 139
3 136 5 139
6 136 8 139
9 136 11 139
12 136 14 139
18 136 20 139
24 136 26 139
30 136 32 139
33 136 35 139
36 136 38 139
39 136 41 139
42 136 44 139
45 136 47 139
48 136 50 139
54 136 56 139
57 136 59 139
60 136 62 139
63 136 65 139
66 136 68 139
69 136 71 139
72 136 74 139
75 136 77 139
78 136 80 139
81 136 83 139
84 136 86 139
87 136 89 139
90 136 92 139
93 136 95 139
96 136 98 139
99 136 101 139
102 136 104 139
105 136 107 139
108 136 110 139
111 136 113 139
114 136 116 139
117 136 119 139
120 136 122 139
123 136 125 139
126 136 128 139
129 136 131 139
132 136 134 139
135 136 137 139
138 136 140 139
141 136 143 139
144 136 146 139
147 136 149 139
150 136 152 139
156 136 158 139
159 136 161 139
162 136 164 139
168 136 170 139
171 136 173 139
174 136 176 139
177 136 179 139
180 136 182 139
183 136 185 139
186 136 188 139
189 136 191 139
192 136 194 139
195 136 197 139
0 140 2 143
6 140 8 143
9 140 11 143
12 140 14 143
15 140 17 143
18 140 20 143
21 140 23 143
24 140 26 143
27 140 29 143
30 140 32 143
33 140 35 143
36 140 38 143
39 140 41 143
42 140 44 143
45 140 47 143
48 140 50 143
51 140 53 143
54 140 56 143
57 140 59 143
60 140 62 143
63 140 65 143
66 140 68 143
69 140 71 143
72 140 74 143
75 140 77 143
78 140 80 143
81 140 83 143
84 140 86 143
87 140 89 143
90 140 92 143
93 140 95 143
96 140 98 143
102 140 104 143
105 140 107 143
108 140 110 143
114 140 116 143
117 140 119 143
120 140 122 143
123 140 125 143
126 140 128 143
129 140 131 143
132 140 134 143
135 140 137 143
138 140 140 143
141 140 143 143
144 140 146 143
147 140 149 143
150 140 152 143
153 140 155 143
159 140 161 143
162 140 164 143
165 140 167 143
168 140 170 143
171 140 173 143
174 140 176 143
177 140 179 143
180 140 182 143
183 140 185 143
186 140 188 143
189 140 191 143
192 140 194 143
195 140 197 143
0 144 2 147
3 144 5 147
6 144 8 147
12 144 14 147
15 144 17 147
18 144 20 147
21 144 23 147
24 144 26 147
27 144 29 147
30 144 32 147
33 144 35 147
36 144 38 147
39 144 41 147
42 144 44 147
45 144 47 147
48 144 50 147
51 144 53 147
54 144 56 147
57 144 59 147
60 144 62 147
63 144 65 147
66 144 68 147
69 144 71 147
72 144 74 147
78 144 80 147
81 144 83 147
87 144 89 147
90 144 92 147
93 144 95 147
96 144 98 147
99 144 101 147
102 144 104 147
105 144 107 147
111 144 113 147
114 144 116 147
117 144 119 147
120 144 122 147
123 144 125 147
126 144 128 147
129 144 131 147
132 144 134 147
138 144 140 147
144 144 146 147
147 144 149 147
150 144 152 147
153 144 155 147
156 144 158 147
159 144 161 147
165 144 167 147
168 144 170 147
171 144 173 147
174 144 176 147
177 144 179 147
180 144 182 147
183 144 185 147
186 144 188 147
189 144 191 147
192 144 194 147
195 144 197 147
3 148 5 151
6 148 8 151
9 148 11 151
12 148 14 151
15 148 17 151
18 148 20 151
21 148 23 151
24 148 26 151
30 148 32 151
33 148 35 151
36 148 38 151
39 148 41 151
45 148 47 151
48 148 50 151
51 148 53 151
54 148 56 151
57 148 59 151
60 148 62 151
63 148 65 151
66 148 68 151
69 148 71 151
72 148 74 151
75 148 77 151
84 148 86 151
90 148 92 151
96 148 98 151
102 148 104 151
105 148 107 151
108 148 110 151
111 148 113 151
114 148 116 151
117 148 119 151
120 148 122 151
123 148 125 151
126 148 128 151
129 148 131 151
132 148 134 151
141 148 143 151
144 148 146 151
147 148 149 151
150 148 152 151
153 148 155 151
156 148 158 151
159 148 161 151
162 148 164 151
168 148 170 151
171 148 173 151
174 148 176 151
177 148 179 151
180 148 182 151
183 148 185 151
186 148 188 151
189 148 191 151
192 148 194 151
195 148 197 151
0 152 2 155
3 152 5 155
6 152 8 155
9 152 11 155
12 152 14 155
21 152 23 155
24 152 26 155
27 152 29 155
30 152 32 155
33 152 35 155
36 152 38 155
39 152 41 155
42 152 44 155
48 152 50 155
54 152 56 155
57 152 59 155
60 152 62 155
63 152 65 155
66 152 68 155
72 152 74 155
78 152 80 155
81 152 83 155
84 152 86 155
87 152 89 155
93 152 95 155
99 152 101 155
102 152 104 155
108 152 110 155
111 152 113 155
114 152 116 155
117 152 119 155
120 152 122 155
123 152 125 155
126 152 128 155
129 152 131 155
132 152 134 155
135 152 137 155
138 152 140 155
141 152 143 155
144 152 146 155
147 152 149 155
150 152 152 155
156 152 158 155
159 152 161 155
162 152 164 155
165 152 167 155
168 152 170 155
171 152 173 155
174 152 176 155
183 152 185 155
186 152 188 155
189 152 191 155
192 152 194 155
195 152 197 155
0 156 2 159
3 156 5 159
6 156 8 159
9 156 11 159
12 156 14 159
15 156 17 159
18 156 20 159
21 156 23 159
24 156 26 159
27 156 29 159
33 156 35 159
36 156 38 159
39 156 41 159
42 156 44 159
45 156 47 159
48 156 50 159
54 156 56 159
57 156 59 159
60 156 62 159
69 156 71 159
81 156 83 159
84 156 86 159
87 156 89 159
90 156 92 159
93 156 95 159
96 156 98 159
99 156 101 159
102 156 104 159
105 156 107 159
108 156 110 159
111 156 113 159
117 156 119 159
120 156 122 159
123 156 125 159
126 156 128 159
129 156 131 159
132 156 134 159
135 156 137 159
141 156 143 159
147 156 149 159
150 156 152 159
153 156 155 159
156 156 158 159
162 156 164 159
165 156 167 159
168 156 170 159
171 156 173 159
174 156 176 159
177 156 179 159
183 156 185 159
186 156 188 159
192 156 194 159
195 156 197 159
0 160 2 163
3 160 5 163
6 160 8 163
9 160 11 163
15 160 17 163
18 160 20 163
21 160 23 163
24 160 26 163
27 160 29 163
33 160 35 163
36 160 38 163
39 160 41 163
42 160 44 163
45 160 47 163
48 160 50 163
51 160 53 163
54 160 56 163
57 160 59 163
63 160 65 163
66 160 68 163
69 160 71 163
72 160 74 163
75 160 77 163
78 160 80 163
84 160 86 163
90 160 92 163
93 160 95 163
96 160 98 163
102 160 104 163
108 160 110 163
111 160 113 163
114 160 116 163
117 160 119 163
120 160 122 163
123 160 125 163
126 160 128 163
129 160 131 163
132 160 134 163
135 160 137 163
138 160 140 163
141 160 143 163
144 160 146 163
147 160 149 163
150 160 152 163
153 160 155 163
156 160 158 163
159 160 161 163
162 160 164 163
165 160 167 163
171 160 173 163
174 160 176 163
180 160 182 163
183 160 185 163
186 160 188 163
189 160 191 163
192 160 194 163
0 164 2 167
3 164 5 167
6 164 8 167
9 164 11 167
12 164 14 167
15 164 17 167
18 164 20 167
21 164 23 167
24 164 26 167
27 164 29 167
30 164 32 167
33 164 35 167
36 164 38 167
39 164 41 167
42 164 44 167
45 164 47 167
48 164 50 167
51 164 53 167
54 164 56 167
60 164 62 167
63 164 65 167
66 164 68 167
72 164 74 167
75 164 77 167
78 164 80 167
81 164 83 167
84 164 86 167
87 164 89 167
90 164 92 167
93 164 95 167
96 164 98 167
99 164 101 167
102 164 104 167
105 164 107 167
108 164 110 167
111 164 113 167
114 164 116 167
117 164 119 167
123 164 125 167
129 164 131 167
132 164 134 167
135 164 137 167
138 164 140 167
141 164 143 167
144 164 146 167
147 164 149 167
150 164 152 167
153 164 155 167
159 164 161 167
162 164 164 167
165 164 167 167
171 164 173 167
174 164 176 167
177 164 179 167
180 164 182 167
183 164 185 167
186 164 188 167
192 164 194 167
195 164 197 167
0 168 2 171
3 168 5 171
6 168 8 171
9 168 11 171
12 168 14 171
15 168 17 171
18 168 20 171
21 168 23 171
24 168 26 171
27 168 29 171
30 168 32 171
33 168 35 171
36 168 38 171
39 168 41 171
42 168 44 171
45 168 47 171
48 168 50 171
51 168 53 171
54 168 56 171
57 168 59 171
63 168 65 171
66 168 68 171
69 168 71 171
72 168 74 171
78 168 80 171
84 168 86 171
87 168 89 171
90 168 92 171
93 168 95 171
96 168 98 171
102 168 104 171
108 168 110 171
111 168 113 171
117 168 119 171
120 168 122 171
123 168 125 171
126 168 128 171
129 168 131 171
132 168 134 171
138 168 140 171
141 168 143 171
147 168 149 171
150 168 152 171
153 168 155 171
156 168 158 171
159 168 161 171
165 168 167 171
171 168 173 171
177 168 179 171
180 168 182 171
183 168 185 171
189 168 191 171
192 168 194 171
0 172 2 175
3 172 5 175
6 172 8 175
9 172 11 175
12 172 14 175
15 172 17 175
18 172 20 175
21 172 23 175
24 172 26 175
27 172 29 175
30 172 32 175
33 172 35 175
36 172 38 175
39 172 41 175
45 172 47 175
48 172 50 175
51 172 53 175
54 172 56 175
57 172 59 175
60 172 62 175
63 172 65 175
66 172 68 175
69 172 71 175
72 172 74 175
75 172 77 175
78 172 80 175
81 172 83 175
84 172 86 175
87 172 89 175
90 172 92 175
93 172 95 175
96 172 98 175
102 172 104 175
108 172 110 175
114 172 116 175
117 172 119 175
120 172 122 175
126 172 128 175
132 172 134 175
135 172 137 175
138 172 140 175
141 172 143 175
144 172 146 175
147 172 149 175
150 172 152 175
153 172 155 175
156 172 158 175
159 172 161 175
165 172 167 175
168 172 170 175
174 172 176 175
177 172 179 175
180 172 182 175
183 172 185 175
186 172 188 175
189 172 191 175
192 172 194 175
195 172 197 175
0 176 2 179
3 176 5 179
6 176 8 179
9 176 11 179
12 176 14 179
24 176 26 179
27 176 29 179
30 176 32 179
33 176 35 179
36 176 38 179
39 176 41 179
42 176 44 179
48 176 50 179
54 176 56 179
57 176 59 179
60 176 62 179
66 176 68 179
69 176 71 179
72 176 74 179
75 176 77 179
78 176 80 179
81 176 83 179
84 176 86 179
87 176 89 179
90 176 92 179
93 176 95 179
96 176 98 179
99 176 101 179
102 176 104 179
105 176 107 179
108 176 110 179
111 176 113 179
114 176 116 179
117 176 119 179
120 176 122 179
123 176 125 179
129 176 131 179
132 176 134 179
135 176 137 179
138 176 140 179
141 176 143 179
147 176 149 179
153 176 155 179
156 176 158 179
159 176 161 179
162 176 164 179
168 176 170 179
171 176 173 179
174 176 176 179
177 176 179 179
180 176 182 179
183 176 185 179
186 176 188 179
189 176 191 179
192 176 194 179
195 176 197 179
0 180 2 183
3 180 5 183
6 180 8 183
9 180 11 183
12 180 14 183
15 180 17 183
18 180 20 183
21 180 23 183
24 180 26 183
27 180 29 183
30 180 32 183
33 180 35 183
36 180 38 183
39 180 41 183
45 180 47 183
48 180 50 183
51 180 53 183
54 180 56 183
57 180 59 183
60 180 62 183
63 180 65 183
66 180 68 183
69 180 71 183
72 180 74 183
75 180 77 183
78 180 80 183
84 180 86 183
87 180 89 183
90 180 92 183
93 180 95 183
96 180 98 183
99 180 101 183
102 180 104 183
105 180 107 183
108 180 110 183
111 180 113 183
114 180 116 183
117 180 119 183
120 180 122 183
123 180 125 183
126 180 128 183
129 180 131 183
132 180 134 183
135 180 137 183
138 180 140 183
141 180 143 183
144 180 146 183
147 180 149 183
153 180 155 183
156 180 158 183
159 180 161 183
162 180 164 183
165 180 167 183
171 180 173 183
174 180 176 183
177 180 179 183
180 180 182 183
186 180 188 183
189 180 191 183
192 180 194 183
195 180 197 183
0 184 2 187
3 184 5 187
6 184 8 187
9 184 11 187
12 184 14 187
15 184 17 187
18 184 20 187
21 184 23 187
24 184 26 187
27 184 29 187
30 184 32 187
36 184 38 187
39 184 41 187
42 184 44 187
45 184 47 187
48 184 50 187
51 184 53 187
54 184 56 187
60 184 62 187
63 184 65 187
66 184 68 187
72 184 74 187
75 184 77 187
78 184 80 187
84 184 86 187
87 184 89 187
93 184 95 187
96 184 98 187
99 184 101 187
105 184 107 187
108 184 110 187
111 184 113 187
114 184 116 187
117 184 119 187
120 184 122 187
123 184 125 187
126 184 128 187
129 184 131 187
132 184 134 187
135 184 137 187
138 184 140 187
141 184 143 187
144 184 146 187
147 184 149 187
150 184 152 187
153 184 155 187
159 184 161 187
162 184 164 187
165 184 167 187
168 184 170 187
171 184 173 187
174 184 176 187
177 184 179 187
180 184 182 187
186 184 188 187
189 184 191 187
192 184 194 187
195 184 197 187
0 188 2 191
3 188 5 191
6 188 8 191
9 188 11 191
12 188 14 191
15 188 17 191
18 188 20 191
21 188 23 191
24 188 26 191
27 188 29 191
33 188 35 191
36 188 38 191
39 188 41 191
42 188 44 191
45 188 47 191
48 188 50 191
54 188 56 191
57 188 59 191
63 188 65 191
66 188 68 191
69 188 71 191
72 188 74 191
75 188 77 191
78 188 80 191
81 188 83 191
84 188 86 191
90 188 92 191
96 188 98 191
99 188 101 191
102 188 104 191
105 188 107 191
108 188 110 191
111 188 113 191
114 188 116 191
117 188 119 191
120 188 122 191
123 188 125 191
126 188 128 191
129 188 131 191
132 188 134 191
135 188 137 191
138 188 140 191
141 188 143 191
144 188 146 191
147 188 149 191
150 188 152 191
153 188 155 191
156 188 158 191
159 188 161 191
162 188 164 191
165 188 167 191
168 188 170 191
171 188 173 191
174 188 176 191
177 188 179 191
180 188 182 191
183 188 185 191
186 188 188 191
189 188 191 191
192 188 194 191
195 188 197 191
3 192 5 195
6 192 8 195
12 192 14 195
15 192 17 195
18 192 20 195
24 192 26 195
27 192 29 195
30 192 32 195
33 192 35 195
42 192 44 195
45 192 47 195
48 192 50 195
54 192 56 195
57 192 59 195
60 192 62 195
63 192 65 195
66 192 68 195
69 192 71 195
72 192 74 195
75 192 77 195
81 192 83 195
84 192 86 195
87 192 89 195
96 192 98 195
99 192 101 195
102 192 104 195
108 192 110 195
111 192 113 195
114 192 116 195
120 192 122 195
123 192 125 195
126 192 128 195
135 192 137 195
138 192 140 195
141 192 143 195
144 192 146 195
147 192 149 195
150 192 152 195
153 192 155 195
156 192 158 195
159 192 161 195
162 192 164 195
165 192 167 195
168 192 170 195
171 192 173 195
177 192 179 195
180 192 182 195
183 192 185 195
186 192 188 195
192 192 194 195
195 192 197 195
3 196 5 199
6 196 8 199
9 196 11 199
12 196 14 199
15 196 17 199
18 196 20 199
21 196 23 199
27 196 29 199
30 196 32 199
36 196 38 199
39 196 41 199
42 196 44 199
45 196 47 199
48 196 50 199
51 196 53 199
54 196 56 199
57 196 59 199
60 196 62 199
63 196 65 199
69 196 71 199
72 196 74 199
75 196 77 199
81 196 83 199
84 196 86 199
87 196 89 199
90 196 92 199
93 196 95 199
96 196 98 199
99 196 101 199
102 196 104 199
105 196 107 199
108 196 110 199
111 196 113 199
114 196 116 199
117 196 119 199
120 196 122 199
126 196 128 199
132 196 134 199
135 196 137 199
138 196 140 199
141 196 143 199
144 196 146 199
147 196 149 199
153 196 155 199
156 196 158 199
159 196 161 199
162 196 164 199
165 196 167 199
168 196 170 199
171 196 173 199
174 196 176 199
177 196 179 199
180 196 182 199
183 196 185 199
186 196 188 199
189 196 191 199
192 196 194 199
195 196 197 199
0 200 2 203
3 200 5 203
6 200 8 203
9 200 11 203
12 200 14 203
15 200 17 203
18 200 20 203
21 200 23 203
27 200 29 203
30 200 32 203
33 200 35 203
36 200 38 203
39 200 41 203
42 200 44 203
48 200 50 203
51 200 53 203
54 200 56 203
57 200 59 203
63 200 65 203
66 200 68 203
69 200 71 203
72 200 74 203
75 200 77 203
78 200 80 203
81 200 83 203
87 200 89 203
90 200 92 203
93 200 95 203
96 200 98 203
99 200 101 203
108 200 110 203
111 200 113 203
114 200 116 203
120 200 122 203
123 200 125 203
126 200 128 203
129 200 131 203
132 200 134 203
135 200 137 203
138 200 140 203
141 200 143 203
144 200 146 203
147 200 149 203
150 200 152 203
153 200 155 203
156 200 158 203
162 200 164 203
165 200 167 203
168 200 170 203
180 200 182 203
183 200 185 203
186 200 188 203
189 200 191 203
192 200 194 203
195 200 197 203
0 204 2 207
3 204 5 207
6 204 8 207
9 204 11 207
12 204 14 207
15 204 17 207
18 204 20 207
21 204 23 207
24 204 26 207
27 204 29 207
30 204 32 207
33 204 35 207
36 204 38 207
39 204 41 207
42 204 44 207
45 204 47 207
48 204 50 207
51 204 53 207
54 204 56 207
60 204 62 207
63 204 65 207
66 204 68 207
69 204 71 207
72 204 74 207
78 204 80 207
81 204 83 207
84 204 86 207
87 204 89 207
90 204 92 207
93 204 95 207
96 204 98 207
99 204 101 207
105 204 107 207
108 204 110 207
111 204 113 207
114 204 116 207
117 204 119 207
120 204 122 207
123 204 125 207
126 204 128 207
129 204 131 207
132 204 134 207
135 204 137 207
138 204 140 207
141 204 143 207
144 204 146 207
147 204 149 207
150 204 152 207
153 204 155 207
156 204 158 207
159 204 161 207
162 204 164 207
165 204 167 207
174 204 176 207
180 204 182 207
183 204 185 207
186 204 188 207
189 204 191 207
192 204 194 207
0 208 2 211
3 208 5 211
6 208 8 211
9 208 11 211
12 208 14 211
15 208 17 211
21 208 23 211
24 208 26 211
27 208 29 211
30 208 32 211
36 208 38 211
42 208 44 211
45 208 47 211
51 208 53 211
57 208 59 211
60 208 62 211
63 208 65 211
66 208 68 211
69 208 71 211
72 208 74 211
75 208 77 211
78 208 80 211
81 208 83 211
84 208 86 211
87 208 89 211
90 208 92 211
93 208 95 211
96 208 98 211
99 208 101 211
102 208 104 211
105 208 107 211
108 208 110 211
111 208 113 211
114 208 116 211
117 208 119 211
123 208 125 211
126 208 128 211
129 208 131 211
132 208 134 211
135 208 137 211
138 208 140 211
141 208 143 211
144 208 146 211
147 208 149 211
150 208 152 211
156 208 158 211
159 208 161 211
162 208 164 211
171 208 173 211
174 208 176 211
177 208 179 211
180 208 182 211
183 208 185 211
186 208 188 211
189 208 191 211
192 208 194 211
195 208 197 211
0 212 2 215
3 212 5 215
6 212 8 215
9 212 11 215
12 212 14 215
15 212 17 215
21 212 23 215
24 212 26 215
27 212 29 215
30 212 32 215
33 212 35 215
36 212 38 215
42 212 44 215
45 212 47 215
48 212 50 215
51 212 53 215
54 212 56 215
57 212 59 215
60 212 62 215
63 212 65 215
66 212 68 215
69 212 71 215
72 212 74 215
75 212 77 215
81 212 83 215
84 212 86 215
87 212 89 215
90 212 92 215
93 212 95 215
96 212 98 215
99 212 101 215
102 212 104 215
105 212 107 215
108 212 110 215
111 212 113 215
117 212 119 215
120 212 122 215
123 212 125 215
126 212 128 215
129 212 131 215
132 212 134 215
138 212 140 215
141 212 143 215
144 212 146 215
147 212 149 215
150 212 152 215
156 212 158 215
159 212 161 215
162 212 164 215
165 212 167 215
168 212 170 215
171 212 173 215
174 212 176 215
177 212 179 215
180 212 182 215
183 212 185 215
189 212 191 215
192 212 194 215
195 212 197 215
0 216 2 219
3 216 5 219
9 216 11 219
12 216 14 219
15 216 17 219
18 216 20 219
21 216 23 219
27 216 29 219
30 216 32 219
33 216 35 219
36 216 38 219
39 216 41 219
45 216 47 219
48 216 50 219
51 216 53 219
54 216 56 219
60 216 62 219
63 216 65 219
66 216 68 219
69 216 71 219
72 216 74 219
75 216 77 219
78 216 80 219
81 216 83 219
84 216 86 219
87 216 89 219
90 216 92 219
93 216 95 219
96 216 98 219
99 216 101 219
102 216 104 219
108 216 110 219
111 216 113 219
114 216 116 219
117 216 119 219
120 216 122 219
123 216 125 219
126 216 128 219
129 216 131 219
132 216 134 219
138 216 140 219
141 216 143 219
150 216 152 219
153 216 155 219
159 216 161 219
162 216 164 219
165 216 167 219
168 216 170 219
171 216 173 219
174 216 176 219
177 216 179 219
183 216 185 219
186 216 188 219
189 216 191 219
192 216 194 219
195 216 197 219
0 220 2 223
3 220 5 223
6 220 8 223
9 220 11 223
12 220 14 223
15 220 17 223
18 220 20 223
21 220 23 223
24 220 26 223
33 220 35 223
36 220 38 223
39 220 41 223
42 220 44 223
45 220 47 223
48 220 50 223
51 220 53 223
54 220 56 223
57 220 59 223
60 220 62 223
63 220 65 223
66 220 68 223
69 220 71 223
72 220 74 223
75 220 77 223
78 220 80 223
81 220 83 223
84 220 86 223
87 220 89 223
93 220 95 223
96 220 98 223
102 220 104 223
105 220 107 223
108 220 110 223
111 220 113 223
114 220 116 223
117 220 119 223
120 220 122 223
123 220 125 223
126 220 128 223
129 220 131 223
132 220 134 223
138 220 140 223
141 220 143 223
144 220 146 223
150 220 152 223
153 220 155 223
156 220 158 223
159 220 161 223
162 220 164 223
165 220 167 223
168 220 170 223
171 220 173 223
174 220 176 223
177 220 179 223
180 220 182 223
183 220 185 223
189 220 191 223
192 220 194 223
195 220 197 223
3 224 5 227
6 224 8 227
9 224 11 227
15 224 17 227
18 224 20 227
21 224 23 227
24 224 26 227
27 224 29 227
30 224 32 227
33 224 35 227
39 224 41 227
42 224 44 227
45 224 47 227
48 224 50 227
51 224 53 227
60 224 62 227
63 224 65 227
66 224 68 227
69 224 71 227
75 224 77 227
78 224 80 227
81 224 83 227
87 224 89 227
90 224 92 227
93 224 95 227
96 224 98 227
99 224 101 227
102 224 104 227
105 224 107 227
108 224 110 227
111 224 113 227
114 224 116 227
117 224 119 227
120 224 122 227
123 224 125 227
126 224 128 227
129 224 131 227
132 224 134 227
138 224 140 227
141 224 143 227
147 224 149 227
150 224 152 227
153 224 155 227
156 224 158 227
159 224 161 227
162 224 164 227
165 224 167 227
171 224 173 227
177 224 179 227
180 224 182 227
183 224 185 227
189 224 191 227
192 224 194 227
195 224 197 227
0 228 2 231
3 228 5 231
6 228 8 231
9 228 11 231
12 228 14 231
21 228 23 231
24 228 26 231
27 228 29 231
30 228 32 231
33 228 35 231
36 228 38 231
39 228 41 231
42 228 44 231
45 228 47 231
48 228 50 231
51 228 53 231
54 228 56 231
57 228 59 231
63 228 65 231
66 228 68 231
69 228 71 231
72 228 74 231
75 228 77 231
78 228 80 231
81 228 83 231
84 228 86 231
87 228 89 231
93 228 95 231
96 228 98 231
99 228 101 231
102 228 104 231
105 228 107 231
108 228 110 231
111 228 113 231
114 228 116 231
117 228 119 231
120 228 122 231
123 228 125 231
126 228 128 231
132 228 134 231
135 228 137 231
138 228 140 231
141 228 143 231
144 228 146 231
147 228 149 231
150 228 152 231
153 228 155 231
156 228 158 231
159 228 161 231
162 228 164 231
168 228 170 231
171 228 173 231
174 228 176 231
177 228 179 231
180 228 182 231
186 228 188 231
189 228 191 231
192 228 194 231
195 228 197 231
0 232 2 235
3 232 5 235
6 232 8 235
9 232 11 235
12 232 14 235
15 232 17 235
21 232 23 235
24 232 26 235
30 232 32 235
33 232 35 235
36 232 38 235
39 232 41 235
42 232 44 235
45 232 47 235
48 232 50 235
51 232 53 235
54 232 56 235
57 232 59 235
60 232 62 235
63 232 65 235
66 232 68 235
69 232 71 235
72 232 74 235
75 232 77 235
78 232 80 235
81 232 83 235
84 232 86 235
87 232 89 235
93 232 95 235
96 232 98 235
99 232 101 235
102 232 104 235
105 232 107 235
108 232 110 235
111 232 113 235
114 232 116 235
117 232 119 235
120 232 122 235
123 232 125 235
129 232 131 235
132 232 134 235
135 232 137 235
138 232 140 235
141 232 143 235
147 232 149 235
150 232 152 235
153 232 155 235
156 232 158 235
159 232 161 235
162 232 164 235
168 232 170 235
171 232 173 235
174 232 176 235
177 232 179 235
180 232 182 235
183 232 185 235
186 232 188 235
189 232 191 235
192 232 194 235
195 232 197 235
0 236 2 239
9 236 11 239
12 236 14 239
18 236 20 239
21 236 23 239
24 236 26 239
27 236 29 239
30 236 32 239
33 236 35 239
36 236 38 239
39 236 41 239
42 236 44 239
48 236 50 239
54 236 56 239
57 236 59 239
60 236 62 239
66 236 68 239
72 236 74 239
75 236 77 239
78 236 80 239
81 236 83 239
84 236 86 239
87 236 89 239
90 236 92 239
93 236 95 239
96 236 98 239
99 236 101 239
102 236 104 239
105 236 107 239
111 236 113 239
114 236 116 239
117 236 119 239
120 236 122 239
123 236 125 239
126 236 128 239
129 236 131 239
132 236 134 239
135 236 137 239
141 236 143 239
144 236 146 239
147 236 149 239
150 236 152 239
153 236 155 239
159 236 161 239
162 236 164 239
165 236 167 239
168 236 170 239
171 236 173 239
174 236 176 239
177 236 179 239
180 236 182 239
183 236 185 239
186 236 188 239
192 236 194 239
195 236 197 239
0 240 2 243
6 240 8 243
9 240 11 243
12 240 14 243
15 240 17 243
18 240 20 243
24 240 26 243
27 240 29 243
30 240 32 243
33 240 35 243
36 240 38 243
39 240 41 243
42 240 44 243
45 240 47 243
48 240 50 243
51 240 53 243
54 240 56 243
57 240 59 243
60 240 62 243
63 240 65 243
66 240 68 243
69 240 71 243
72 240 74 243
78 240 80 243
81 240 83 243
84 240 86 243
87 240 89 243
90 240 92 243
93 240 95 243
96 240 98 243
99 240 101 243
102 240 104 243
105 240 107 243
108 240 110 243
111 240 113 243
114 240 116 243
117 240 119 243
120 240 122 243
123 240 125 243
126 240 128 243
129 240 131 243
132 240 134 243
135 240 137 243
138 240 140 243
141 240 143 243
144 240 146 243
147 240 149 243
150 240 152 243
153 240 155 243
156 240 158 243
159 240 161 243
162 240 164 243
165 240 167 243
168 240 170 243
171 240 173 243
174 240 176 243
177 240 179 243
180 240 182 243
183 240 185 243
186 240 188 243
189 240 191 243
192 240 194 243
195 240 197 243
0 244 2 247
3 244 5 247
6 244 8 247
9 244 11 247
15 244 17 247
18 244 20 247
21 244 23 247
24 244 26 247
27 244 29 247
30 244 32 247
33 244 35 247
36 244 38 247
39 244 41 247
42 244 44 247
45 244 47 247
48 244 50 247
51 244 53 247
54 244 56 247
57 244 59 247
60 244 62 247
63 244 65 247
66 244 68 247
69 244 71 247
72 244 74 247
75 244 77 247
78 244 80 247
81 244 83 247
84 244 86 247
87 244 89 247
90 244 92 247
93 244 95 247
96 244 98 247
99 244 101 247
102 244 104 247
105 244 107 247
108 244 110 247
111 244 113 247
120 244 122 247
123 244 125 247
126 244 128 247
129 244 131 247
132 244 134 247
135 244 137 247
138 244 140 247
141 244 143 247
144 244 146 247
150 244 152 247
153 244 155 247
156 244 158 247
159 244 161 247
162 244 164 247
165 244 167 247
168 244 170 247
171 244 173 247
174 244 176 247
180 244 182 247
183 244 185 247
186 244 188 247
189 244 191 247
192 244 194 247
195 244 197 247
