100
0 36 51 91 96 104 110 116 137 146 155 166 186 236 279 382 383 397 398 422 425 478 538 720 742 756 935 1137 1227 1368 1447 1494 1808 2020 2268 2556 2849 3022 3045 3652 4479 4738 5046 5469 7707 8381 8461 8549
1 0 1 2 3 4 5 6 7 8 9 11 13 14 15 17 19 21 22 26 27 28 30 37 41 52 55 57 61 63 65 72 74 85 88 110 120 121 123 126 159 164 176 180 199 252 253 280 288 377 404 485 549 596 684 815 869 940 946 1089 1290 1388 1440 1468 1572 1597 1632 1679 2572 2902 3198 4040 4589 5247 5367 7292 8734 9030
2 0 1 2 3 4 5 6 7 8 9 11 14 15 16 17 18 19 21 22 23 24 27 28 32 33 35 44 45 54 58 62 65 69 70 92 96 102 103 120 122 132 139 148 155 178 252 329 346 390 485 637 751 867 940 1352 1437 1495 1524 1604 1756 2244 2264 2741 3199 3244 3706 3774 4063 5659 8528
3 35 51 54 141 150 176 225 249 256 293 447 459 551 725 768 809 896 907 1362 1370 1456 1549 1772 2191 2696 2738 2840 2992 3025 3097 3160 3455 3478 3659 4009 4361 5519 5582 5803 5848 6284 6702 7924 8295
4 91 308 433 568 641 670 862 891 908 941 993 1257 1336 1956 2143 2413 2460 2706 3056 3404 3654 3751 3860 3946 4157 5196 7287 7313 8401 8518 9017 9290 9493
5 0 29 36 40 41 46 60 64 70 76 77 90 93 94 97 98 125 132 149 155 158 161 240 245 249 255 285 422 500 549 611 621 631 650 747 869 968 977 1153 1173 1183 1184 1263 1437 1702 1958 2614 2627 2785 3849 4089 4554 4885 6698 7915 8044 8215
6 0 1 6 7 10 12 13 17 18 19 20 21 25 27 30 31 34 38 40 41 44 46 50 65 72 78 82 83 86 95 110 112 121 137 145 164 172 176 280 332 442 585 684 859 1122 1184 1310 1334 1476
7 0 1 2 3 4 5 6 7 8 9 10 11 12 13 14 15 16 17 18 19 20 21 23 24 27 28 30 35 44 45 46 47 55 57 58 63 65 78 102 107 131 139 145 158 184 197 229 253 303 309 316 355 410 485 659 725 1315 1452 2744 3600 4023 4371 4848 5429
8 10 12 18 23 24 32 35 38 50 54 56 58 62 75 83 102 135 158 178 187 212 216 240 261 268 290 411 436 484 703 735 901 1134 1189 1287 1581 1735 1780 2140 2158 2171 2430 2608 2703 2857 2960 3179 3302 3517 3692 3747 3818 4525 4703 4864 5011 5515 6837 7033 7269 8819 9356
9 0 1 2 3 4 5 6 7 8 9 14 16 19 24 27 28 32 33 38 45 53 56 58 60 62 69 70 72 78 110 115 120 121 126 138 145 155 163 176 199 231 232 395 432 442 468 510 552 554 650 715 727 737 873 1312 1388 1554 2170 2562 2616 2726 2735 2955 4390 4421 4962 5200 5349 6234 6304 6718 6729 7147 7401 8034
10 0 1 2 3 4 5 6 7 8 9 10 11 14 17 18 19 20 23 27 28 30 35 36 37 42 47 65 69 72 75 78 82 84 131 135 138 139 193 196 199 243 256 290 332 410 468 482 501 513 624 638 681 708 824 850 859 915 957 1131 1327 1506 1667 1707 1737 1826 2138 2848 2871 2905 3071 3477 4210 4609 4978 5031 5926 9086
11 0 1 2 5 8 9 13 34 37 39 41 46 48 51 54 55 60 64 69 72 79 83 91 111 112 114 117 121 123 125 136 139 142 206 236 301 356 371 372 442 494 585 650 653 1122 1155 1183 2261 2614 3457 6656 7559 8992
12 0 1 2 3 4 5 6 7 8 9 10 11 12 13 14 15 16 18 19 20 21 22 23 26 27 28 29 32 35 36 37 42 56 62 65 69 88 114 117 120 121 126 135 138 139 155 176 224 554 595 624 632 731 867 878 1077 1263 1310 1502 1591 2153 2177 2371 3483 4500 4514 4977 5634 7929
13 29 93 124 240 358 393 414 503 567 595 875 1042 1156 1271 1407 1438 1445 1540 1828 2049 2185 2464 3066 3096 3572 3648 3659 3943 4162 5446 6480 6558
14 0 7 8 22 49 104 138 143 153 185 186 196 224 245 291 343 362 404 450 456 482 680 708 709 734 742 749 825 992 1035 1097 1104 1324 1807 1866 1902 2126 2169 2205 3046 3182 3239 3398 3591 3759 4594 4801 5721 5850 6979 7147 7155 8168 9559
15 0 1 2 3 5 6 7 8 9 14 17 19 21 22 27 33 42 43 44 48 51 54 62 68 72 83 84 87 92 112 120 126 135 138 146 147 199 206 231 280 301 309 330 404 468 513 561 709 968 979 1027 1263 1270 1495 1597 1734 1766 2196 2291 3266 4288 5313 5482 6222 6459 7151 8080 9957
16 93 167 191 207 242 288 385 418 461 506 611 634 722 848 933 948 1100 1136 1207 1278 1313 1477 1590 1754 2268 2767 3243 3500 3689 3715 3950 4974 5222 5791 6031 6565 6630 7367
17 0 1 2 4 5 7 8 9 11 14 28 49 199 238 252 356 418 435 454 510 561 583 665 694 731 763 797 879 948 1030 1185 1270 1330 1420 1429 1498 1554 1667 1743 2033 2145 2232 2296 2342 2809 3021 3243 3306 3540 3912 3923 3977 4167 4335 4343 4443 4607 4813 5218 5278 5404 5893 6049 6378 8015 8152 9351 9470
18 9 40 43 57 66 77 97 119 123 138 157 161 162 189 204 229 231 245 267 273 335 339 355 365 389 390 421 524 546 598 609 613 615 647 720 742 803 836 879 910 1001 1019 1052 1222 1226 1256 1292 1298 1546 1604 2371 2416 3053 3121 3158 3410 3983 4089 4102 6058 6756 6787 7557 7593 7984 8703
19 34 48 55 61 66 70 83 86 88 110 134 146 149 168 245 250 300 309 333 358 480 536 545 599 746 764 812 849 861 980 981 985 1128 1244 1524 1529 1548 1587 1612 1689 1896 1985 2079 2391 2403 2492 2872 3203 3410 3498 3741 4090 4317 4430 5108 5497 9053 9081
20 0 1 2 3 4 6 7 8 9 10 11 12 13 14 15 18 19 20 21 22 24 26 27 35 36 41 57 62 75 102 107 119 125 140 148 176 199 206 249 442 595 632 709 907 1052 1168 1225 1290 1412 1638 1771 2153 2298 2591 2659 2849 2930 3172 3198 3441 3483 3497 4067 4171 4225 4688 5526 6373 7048 7081 7347 8454 9519
21 0 1 2 3 4 7 8 9 10 11 12 14 15 16 17 19 21 22 23 26 27 28 33 34 37 38 41 63 69 71 74 79 82 83 84 96 103 107 110 138 176 199 236 249 252 325 389 494 737 797 878 1089 1152 1350 1482 1610 2264 2848 3158 3880 4247 5482 5554 5985 6115 7242
22 0 1 2 3 4 5 6 7 8 9 10 12 13 14 15 19 21 22 26 27 28 30 37 40 41 57 60 61 62 63 69 72 74 78 97 107 114 120 121 126 138 148 155 157 161 164 166 184 193 197 198 207 224 236 240 253 280 299 303 331 342 355 356 389 404 442 468 583 650 731 843 859 977 1132 1173 1290 1310 1930 2045 2304 2402 2818 3211 3379 3424 4226 6035 6379 7624 8955 9517
23 8 32 42 56 58 66 67 70 86 95 126 138 152 160 172 195 228 230 243 252 253 264 273 275 310 327 343 345 361 426 462 482 536 572 611 671 746 881 909 1351 1385 1412 1429 1450 1959 1972 1981 2142 2169 2198 2579 2692 3284 3525 3700 3706 3839 4350 4864 4994 5336 6335 6644 7658 8116 8138 8802 9888
24 0 7 8 42 53 56 67 73 74 78 80 82 84 91 103 104 108 115 120 128 138 139 175 184 185 203 204 231 236 271 305 382 388 426 451 542 554 612 621 679 708 725 769 871 873 900 940 948 977 1011 1119 1151 1152 1173 1174 1184 1195 1284 1321 1334 1572 1584 1629 1793 1930 2060 2136 2168 2187 2444 3046 3447 3455 3483 3563 3706 5333 5643 6138 6238 6347 6698 7086 7373 8139 8450 9335
25 5 6 8 13 18 20 31 32 35 36 40 44 45 47 50 54 57 64 72 101 112 120 131 140 147 161 164 166 301 342 390 393 425 542 602 849 850 1174 1184 1222 1478 1524 1554 1645 1667 1888 2106 3196 3251 3262 3398 3747 3964 4100 4397 4724 7354 7382 8243 8360 9677
26 0 2 3 8 16 17 24 25 27 33 44 45 47 63 66 67 80 84 102 120 126 131 132 138 144 161 162 183 187 193 210 299 327 329 342 409 446 485 526 554 624 778 797 805 859 890 907 1019 1077 1388 1420 1584 1656 1850 1967 2052 2296 3110 3194 4090 4497 4807 5381 5959 6369 6577 9542 9927
27 0 2 3 8 11 14 15 16 17 20 22 23 24 25 27 28 34 35 37 40 45 47 53 57 63 82 107 119 122 138 139 151 155 157 164 176 184 228 299 300 331 343 389 395 443 482 487 524 552 574 679 739 849 899 909 919 1117 1221 1365 1412 1522 1954 2296 2780 4403 4510 4962 4978 5295 6668 7753 8761
28 4 6 9 10 11 12 17 27 31 32 35 41 44 51 53 54 58 60 61 64 67 70 78 82 110 114 121 132 137 144 148 164 198 253 258 264 552 554 612 621 824 899 914 968 1000 1031 1352 1583 1917 2048 2576 3428 3458 5921 7708 8492 8993
29 34 109 113 137 139 155 170 176 215 223 236 270 274 281 290 329 331 337 349 360 393 417 442 446 490 496 510 526 594 650 727 762 793 807 880 881 977 1000 1491 1537 1607 1697 1803 2000 3141 4724
30 8 49 150 154 162 183 184 187 234 256 275 294 432 435 465 537 602 610 625 687 756 1026 1038 1132 1583 1596 1610 1674 1904 1933 2014 2076 2091 2298 2385 2733 3149 3970 4532 4797 4801 6450 8427 8480 8740
31 0 1 2 3 4 5 6 8 9 11 12 13 14 16 17 18 19 20 26 27 37 42 55 56 58 70 73 74 96 102 105 125 138 197 199 211 253 268 273 280 301 316 408 549 554 621 653 735 881 915 1052 1065 1106 1734 1783 2185 2360 2504 3008 3676 4397 4487 5626 5921 6141 7454
32 0 1 2 3 7 8 9 10 11 12 13 18 20 21 23 25 31 34 35 38 43 56 60 69 74 78 83 84 119 120 138 162 176 184 197 231 339 426 619 624 632 663 709 728 782 797 968 1200 1315 1412 1597 2076 2402 2486 2526 2700 2819 2825 2841 3053 3110 3160 3398 3489 3849 4157 4364 5051 5448 5921
33 0 4 7 8 9 22 31 32 33 47 51 54 55 57 63 69 80 87 92 107 126 138 158 176 180 193 267 298 299 377 432 482 503 554 596 598 599 609 659 681 686 961 973 990 995 1019 1114 1365 1376 1384 1583 1667 1900 1917 1954 2116 2214 2274 2291 2348 2374 2425 2521 2717 2848 2849 3053 3097 3119 3248 3514 3600 3639 3774 4172 4676 4820 4953 5150 5395 5754 6539 6656 7387 7437 7585 8488 8751 8853 9365 9572 9896 9933
34 0 1 2 3 4 5 8 9 10 11 14 15 16 17 18 19 20 23 26 35 52 58 63 64 73 77 96 120 121 137 138 164 178 224 268 305 391 429 442 621 653 681 1077 1106 1263 1446 1575 1665 1809 1921 2153 2248 2707 2713 2955 3441 3768 4104 4895 4977 6604 8044 9894
35 26 65 108 128 190 259 277 316 344 350 385 444 454 482 594 653 675 738 975 1065 1150 1151 1186 1494 1607 1883 2239 2371 3011 3662 3923 3983 4164 4358 4410 4435 4710 5158 5552 5895 6012 6059 6644 6962 7304 8450 8973 9391 9713
36 5 59 89 120 137 149 163 252 280 301 396 403 406 410 422 434 469 549 585 697 712 733 751 967 998 1151 1168 1290 1351 1404 1481 1508 1528 1638 1702 1783 1797 1936 1966 2097 2180 2492 2739 2979 3003 3497 3718 3730 3996 4662 4919 4984 5329 5526 7069 9246 9521 9562
37 0 1 2 5 6 7 8 19 25 27 30 31 36 37 40 41 42 48 49 50 54 56 60 61 69 82 88 114 126 146 152 155 158 166 175 176 184 198 236 252 253 332 356 371 395 410 524 587 594 647 681 859 968 1027 1089 1343 1482 1737 2073 2147 2430 2444 2612 3097 4347 4864 5084 5862 6523 6577 8702 9346
38 175 231 298 360 419 507 698 853 906 1135 1303 1314 1337 1530 1765 1991 2078 2593 2805 3034 3097 3205 3323 3359 3444 3622 3926 4032 4630 6329 7486 8342 8516 8704
39 0 1 2 5 8 9 17 22 25 33 34 38 46 48 50 51 55 60 74 79 84 102 107 118 138 148 158 166 175 176 207 280 301 390 393 439 583 646 686 728 747 750 797 896 968 977 979 1171 1251 1369 1395 1671 1930 2138 2383 2503 2523 2688 2889 3182 4302 4388 4768 5381 5546 5895 5921 6234 7048 7104 8334 9611
40 1 2 5 7 8 9 51 53 73 98 120 143 151 159 160 168 183 231 248 265 308 388 439 482 538 539 545 566 777 797 859 907 972 1153 1332 1465 1880 2164 2175 2190 2442 3044 4277 4849 5326 5507 5931 6001 8955 9203
41 0 1 6 7 12 25 27 28 37 44 50 97 104 117 146 152 156 166 197 204 205 214 229 253 268 299 329 371 382 389 476 516 549 554 611 625 665 900 910 1168 1173 1262 1287 1321 1408 1497 1626 1679 1723 1756 1877 2076 2079 2136 2140 2214 2258 2504 2820 3135 3790 3884 4142 4308 4364 4728 4858 5724 5862 6565 7878 9039 9678
42 0 1 2 3 4 5 6 7 8 9 11 14 15 18 19 20 27 30 37 39 41 43 56 60 62 69 74 112 121 123 126 138 155 170 211 224 252 284 285 332 482 487 561 665 708 843 935 1027 1184 1263 1369 1495 1522 1611 1643 1656 1768 1771 1789 2047 2150 2659 2862 3097 3286 3514 3533 4288 4408 4568 5514 5860 5973 6092 6362 7360 8364 9517
43 42 75 77 87 124 158 168 181 234 237 257 412 502 583 631 664 755 1068 1128 1161 1274 1333 1862 1876 1988 2067 2169 2171 2480 2507 2526 2844 4021 4373 4837 6045 6258 8512 9271 9424
44 63 75 146 152 171 187 272 327 339 378 410 415 485 498 587 595 604 653 686 708 712 716 742 750 789 880 901 1002 1017 1033 1070 1077 1204 1236 1379 1395 1401 1413 1476 1651 1753 1853 1871 1878 2079 2238 2293 2298 2563 2577 2721 2762 2823 2841 2853 3065 3240 3246 3913 4089 4532 4589 4817 5210 5936 6169 6228 7211 7594 7869 7959 8541 8739 9459
45 0 1 2 3 4 5 6 7 8 9 10 11 12 13 14 15 17 18 19 20 21 22 23 26 28 29 30 31 35 37 52 55 65 69 82 103 114 120 121 131 135 138 155 158 164 184 193 243 252 290 309 330 332 355 554 655 899 1122 1310 1387 1482 1502 1506 1510 1881 1954 2216 2513 3158 5661 5990 6459 6698 7055 7850
46 0 1 2 7 8 9 13 14 15 16 22 23 25 27 47 88 93 102 106 138 156 172 183 205 218 268 289 329 346 485 489 634 651 824 836 873 884 901 983 1019 1161 1168 1298 1324 1502 1692 1903 2325 2533 2816 2950 4148 4372 4985 7408 7854 8654
47 0 1 2 7 8 9 25 39 43 54 69 84 85 90 109 129 138 188 225 228 233 288 339 344 383 480 484 517 583 614 625 737 778 800 992 995 1073 1171 1200 1434 1495 1521 1702 1762 1799 1967 2208 2264 2291 2685 2768 2902 3106 3142 3448 3483 3514 3621 4336 5182 5910 5990 6684 6930 8933 9054 9732 9768
48 0 1 5 6 7 8 9 13 19 20 25 30 39 42 48 55 65 72 97 114 120 134 146 147 148 164 176 184 198 211 227 233 252 274 285 300 330 335 348 356 398 404 545 583 665 745 751 841 914 968 990 1283 1312 1344 1384 1510 1554 1575 1593 1601 1809 2249 2593 2825 2905 2920 2955 3684 3692 4157 4247 4497 4799 5843 7569 8334 8355
49 3 7 8 13 18 21 22 29 33 59 61 69 74 89 92 94 96 110 131 138 166 186 199 212 272 301 316 388 454 566 641 763 829 969 1065 1122 1325 1440 1452 1506 1604 1671 2120 2148 2238 3190 3332 3923 4164 4613 5158 5221 5895 6059 6137 6644 7537 7709 7718 7970 8030 8315 8450 9713 9957
50 2 3 5 6 19 46 55 68 69 70 71 76 125 126 133 148 159 206 216 228 233 240 303 333 444 445 485 734 817 859 885 919 926 1232 1269 1275 1376 1482 1524 1599 1891 2292 2453 2513 2688 2787 2941 3443 3869 4619 4995 6755 6762 8438
51 0 1 2 3 4 5 6 7 8 9 10 11 12 13 14 15 16 17 18 19 20 21 22 23 24 27 28 30 35 41 45 58 63 72 78 102 117 121 138 146 155 187 197 198 268 329 371 665 725 910 977 1159 1225 1387 1692 1745 1826 1989 2148 2420 2500 2613 2818 2826 3046 3923 4946 5031 5501 5603 5659 6877 9365
52 33 42 67 106 162 198 212 239 244 255 296 384 476 593 786 861 868 1012 1088 1096 1153 1186 1417 1469 1805 1862 1950 2029 2275 2512 2886 3999 4025 4611 4834 5034 5175 5299 5555 6180 6376 6514 6539
53 8 32 38 43 62 70 71 73 74 89 92 110 118 138 151 154 171 176 195 216 225 231 243 246 289 325 382 398 534 679 800 803 873 909 927 968 999 1077 1171 1294 1296 1315 1408 1434 1483 1495 1571 1704 1721 1762 1894 1958 1985 2218 2538 2857 3038 3054 3102 3215 3358 3395 4478 4525 4977 5150 5205 6035 6051 6092 6126 6655 7291 7712 7791 7862 7986 8309 8660 9225 9542 9551
54 0 1 2 3 7 9 13 16 23 24 27 29 35 37 45 52 57 61 62 69 80 81 90 96 115 119 126 144 161 164 175 178 180 193 243 273 391 451 468 482 509 566 624 636 663 928 954 1001 1401 1489 1568 2316 2612
55 0 1 2 3 4 5 6 7 8 9 10 11 13 14 15 16 17 19 20 21 24 27 28 30 33 37 45 55 57 63 65 80 88 107 115 117 121 126 138 145 146 152 155 161 166 176 187 193 199 316 342 348 404 410 443 468 485 554 609 637 650 662 681 725 747 867 869 900 909 957 1089 1151 1184 1263 1270 1434 1495 1502 1587 1737 2112 2651 3008 3244 3477 3774 4148 5603 6887 7293
56 39 90 100 142 160 175 179 181 196 211 214 223 249 274 325 370 481 707 789 805 825 868 880 948 1184 1194 1287 1457 1502 1581 1600 1690 1697 1840 2044 2264 2371 2431 2451 2746 2810 2858 2943 3006 3014 3057 3631 3698 3756 3796 4452 4612 5276 5472 5566 7499 8114 8402 8702 9915
57 5 19 20 21 26 28 30 38 40 41 50 52 53 55 76 77 82 110 114 118 126 135 158 176 196 197 212 218 224 268 309 321 335 375 404 422 429 448 480 484 708 962 968 1334 1442 1495 1506 2134 2147 2348 2683 2700 2759 3613 3661 3807 3831 3975 4099 4618 4859 5801 6616 6979 7546 7918 8272 8672 9311
58 91 95 126 128 138 144 244 254 289 294 396 434 468 513 520 550 574 655 666 720 760 850 859 909 1007 1132 1149 1228 1284 1334 1521 1534 1612 1627 1768 1813 2148 2300 2659 3131 3514 3516 3773 4133 4390 4417 4493 4596 4667 4672 5312 5838 6379 6756 7279 7460 8076 8430
59 24 167 189 194 216 225 226 414 434 535 684 702 762 857 902 914 933 1096 1100 1187 1277 1480 1566 1745 1805 1966 2043 2104 2231 2783 2948 2956 2980 3101 3908 4646 4913 5459 6134 6246 8146 8601 8969
60 15 25 39 40 43 84 85 88 95 101 106 107 111 113 121 122 123 130 142 216 219 229 235 238 297 310 409 747 836 951 1131 1513 1799 1927 2573 3126 3319 3455 3839 4413 5616 6848
61 26 55 63 69 75 79 89 105 120 121 131 135 193 208 211 213 215 221 230 236 266 323 342 351 362 374 385 408 444 468 566 583 625 815 984 1137 1227 1546 1754 2076 2114 2592 2649 2976 3624 5580 5751 6467 7433 7672 9294
62 0 2 5 8 9 14 16 17 28 31 33 34 45 56 61 69 74 79 87 111 117 118 120 138 155 195 197 236 245 309 348 356 382 404 495 583 662 672 919 982 1012 1117 1122 1161 1173 1187 1283 1401 1591 1826 1881 2076 2106 2116 2143 2423 2521 2616 2698 2858 3052 3270 3345 3363 3428 3858 3870 3927 4413 4982 5296 5395 5634 5876 5887 6379 7454 7624 7966 9502
63 0 1 2 5 7 8 9 68 102 119 131 138 155 169 184 205 267 285 370 436 445 468 475 506 557 660 709 900 968 971 976 1054 1104 1123 1223 1283 1303 1495 1554 1779 1869 2158 2359 2371 2683 3100 3248 3349 3423 3642 4336 4364 4605 4672 4801 4880 5448 5779 6481 8402 8543 8947
64 0 1 2 3 4 5 6 7 8 9 11 17 27 28 32 46 58 72 90 100 120 126 152 157 166 219 238 240 265 296 310 348 399 408 465 505 542 621 671 784 962 969 1005 1117 1283 1384 1737 1930 2177 2705 3032 3211 3317 6767 6769 7837 8271 9305 9584
65 20 34 38 41 42 44 46 56 59 69 72 73 97 103 117 132 135 166 178 187 206 217 277 390 410 429 432 434 552 604 646 734 764 841 941 1004 1017 1336 1385 1476 1491 1623 1628 1679 1732 1921 2180 2200 2818 3378 3582 3689 4725 4791 5429 5720 6913 8761 8901 9017 9572
66 0 2 8 24 36 45 49 78 101 114 119 132 136 138 187 236 307 309 457 485 524 636 684 885 947 976 1087 1128 1413 1564 1686 1793 1951 1979 1988 2491 2509 2653 2852 2922 3041 3142 3257 3477 4040 4347 4482 5834 5902 6131 6656 7162 7325 7674 8342 8688
67 0 1 2 3 4 5 6 7 8 9 10 11 12 13 14 15 16 18 19 21 23 27 28 29 30 31 35 36 37 38 52 57 61 65 69 71 78 88 118 120 126 138 152 155 157 184 229 356 468 554 671 708 979 1225 1263 1290 1387 1434 1506 1881 2148 2700 3389 3467 3767 3975 4023 7537 9886
68 25 40 62 63 76 79 84 98 112 134 156 170 194 243 250 279 314 324 372 397 424 426 461 468 487 509 517 554 604 612 647 715 887 899 1078 1320 1395 1428 1436 1669 1888 2112 2152 2262 2298 2487 2837 3591 4226 4266 4347 4919 5286 5350 5667 6163 7584 8241 8466 8911 9360
69 10 12 15 20 30 42 43 44 54 55 56 62 68 73 82 83 84 107 117 139 142 145 211 216 243 335 356 426 501 516 519 572 599 659 671 751 762 778 824 907 971 1119 1294 1408 1446 1522 1593 1757 2085 2100 2112 2359 2448 2616 2744 2919 3204 3266 3299 3520 3561 3853 4035 4276 4301 4342 4436 4834 6290 6452 6543 6986 7042 7827 9665
70 36 42 44 46 48 54 59 73 75 79 83 90 147 162 176 226 240 248 253 298 367 378 384 410 459 545 577 626 666 762 840 984 1113 2090 2973 6359 7303 7607
71 0 1 2 4 5 6 7 8 9 15 36 66 67 69 75 77 120 131 138 143 204 252 290 327 355 399 439 523 534 546 655 728 859 903 1090 1272 1384 1671 1721 2212 2304 2477 2513 2591 2684 3082 3424 3684 4044 4131 4221 4632 4656 4881 5195 5447 6018 6668 7600 8019 8334 9906
72 53 174 251 261 313 388 415 475 477 515 543 750 785 948 1190 1215 1353 1360 1384 1478 1509 1558 1566 1621 1758 2029 2094 2313 2433 2859 3016 3231 4630 4838 5038 6082 6094 7589 7797 8184 8629 9359 9478 9613
73 23 41 52 57 66 69 79 98 103 111 112 126 131 137 149 156 250 303 320 333 515 597 619 776 1106 1114 1122 1128 1232 1251 1277 1307 1311 1386 1442 1484 1494 1558 1562 1611 2201 2700 2869 3403 3826 4320 4726 4923 6188 6359 6735 7218 8438 9794
74 0 4 5 9 10 11 12 13 14 15 19 21 28 37 38 65 66 83 96 102 109 126 145 149 155 199 201 203 243 268 316 342 377 443 446 501 621 869 880 968 992 1210 1332 1401 1447 1807 1979 2274 2296 2427 2700 2735 2848 3139 3502 3759 3943 4429 4597 4609 5011 5484 5526 5621 5661 6097 7518 7774 8365 8875 8938 9246 9543
75 8 13 14 23 28 29 37 49 58 60 63 64 69 98 100 101 112 120 147 155 159 165 170 174 222 257 323 325 356 392 401 402 454 489 583 587 590 679 849 873 977 1482 1671 1841 2431 6165 8734 9464
76 0 1 2 3 4 5 6 7 8 9 10 11 12 13 14 15 16 17 19 21 22 24 27 28 30 35 37 47 50 61 62 63 65 88 107 112 114 121 126 131 145 148 152 155 157 164 166 184 199 236 332 371 372 389 404 495 542 549 681 867 869 900 957 999 1344 1604 1780 2060 2168 3182 3279 3379 3408 3470 3849 3992 4364 5313 6288 6402 8095
77 31 52 59 68 75 81 82 90 92 103 135 144 183 235 254 271 330 403 501 513 533 651 720 1122 1251 1258 1300 1352 1577 1593 1638 2258 2265 2378 2533 2942 3293 3603 3884 3981 4098 4959 5872 6745 6961 7342 7792 8332 8733 9710
78 47 48 59 87 105 117 138 146 154 168 171 183 186 210 245 261 292 300 318 352 355 391 396 443 454 587 654 680 845 850 859 961 1482 1502 1591 1597 1601 1613 1643 1714 1801 1913 2162 2282 2523 2818 2981 3676 4130 4421 5558 5616 6744 7055 7307 7895 9832 9946
79 0 1 2 8 16 19 24 34 45 51 52 57 66 71 76 80 81 87 97 98 112 115 119 121 130 140 156 159 206 224 238 256 372 410 476 484 485 500 538 583 782 1959 2983 4281 5069
80 0 1 2 3 4 8 9 14 15 28 37 61 81 88 94 95 101 137 145 147 148 181 197 280 287 309 316 426 496 641 659 686 726 782 797 968 971 990 1012 1065 1256 1386 1454 1572 1862 1911 2060 2063 2198 2614 2812 3089 3166 3281 3708 3923 4241 4942 5124 5209 6057 6337 8040 8454 9947
81 25 31 37 46 59 63 67 68 76 79 85 95 102 113 138 147 156 167 173 253 259 282 300 321 325 345 355 363 375 432 554 662 727 764 803 829 861 978 1017 1564 1627 1750 3441 3631 4281 5091 7081 7234 8094 9039
82 40 42 43 52 60 73 77 80 112 125 126 128 137 146 155 158 161 163 235 247 252 271 339 341 426 451 484 494 496 516 536 841 978 999 1274 1300 1606 1628 1665 1671 1734 1937 2047 2282 2717 2739 2967 3097 3457 3471 3493 4018 5472 5882 6029 6656 7253 7677 7975 8643
83 0 1 7 8 9 11 49 70 86 105 106 116 140 155 179 227 235 267 319 365 387 501 519 549 589 669 779 859 900 968 970 1065 1332 1843 2073 2132 2654 2780 2791 3033 3175 3244 3293 3348 3420 3692 3769 3975 4178 4704 6005 6147 7275 7315 7687 9710
84 1 12 13 15 16 21 22 24 27 28 29 32 33 34 38 44 45 50 51 54 57 62 65 74 83 86 102 117 123 138 140 145 155 168 171 176 204 229 289 390 442 455 487 621 776 914 940 1236 1256 1737 1745 2126 2701 3008 3222 3412 4266 4291 4347 4432 5276 5725 6049 7908 9047
85 10 20 66 74 123 138 139 158 166 183 187 201 249 274 299 330 355 403 417 422 516 524 544 574 615 636 656 782 938 970 1001 1106 1137 1292 1344 1393 1398 1412 1756 1757 2017 2052 2065 2397 2432 2652 2730 3024 3180 3224 3456 3569 4606 5225 5605 5641 6135 6718 6729 7401 7876 9030
86 0 1 2 3 4 5 6 7 9 10 11 12 13 14 15 16 17 18 19 20 21 23 25 26 27 28 30 35 37 38 44 58 60 62 72 96 102 126 131 145 152 164 178 193 199 211 252 277 285 303 404 510 583 968 1468 1482 1591 1734 5773 7584 9514
87 22 27 32 39 62 70 82 99 130 134 138 152 177 251 281 331 364 371 442 475 552 598 615 625 679 717 882 909 949 995 1041 1073 1541 1558 1583 1702 1725 1847 1884 2045 2288 2334 2428 2509 2978 3069 4048 4460 5136 5561 6045 6134 6915 7013
88 0 1 2 3 4 6 7 8 9 15 19 22 27 54 120 124 198 209 224 238 250 273 278 290 480 497 510 554 660 869 928 957 1080 1223 1263 1275 1571 1583 1958 2212 2316 2372 2475 2552 2899 3400 3561 3704 3879 4171 4500 4841 5546 5668 5778 6831 7117 7481 7727 7734 7777 8465 9208 9358 9593
89 17 22 26 36 40 41 48 50 53 79 88 110 139 146 157 161 210 218 233 240 245 267 268 272 348 424 436 485 532 545 583 594 596 625 636 646 726 841 867 914 943 1008 1134 1172 1495 1601 1757 1896 2019 2120 2377 2941 3024 3137 3470 3526 4122 4537 4618 4962 5350 6087 7548 8790 8978 9657
90 5 14 20 23 25 28 32 33 37 38 42 48 49 55 63 72 83 88 90 92 118 120 135 138 139 155 157 158 184 201 210 218 255 288 300 330 331 372 424 425 449 519 638 646 655 679 686 751 896 907 1016 1052 1110 1189 1260 1384 1452 1704 2169 2322 2371 2899 3299 3457 3977 4266 4329 4551 4829 6160 9054
91 5 14 16 85 97 113 148 184 210 211 339 374 375 414 421 455 644 647 654 663 670 680 692 825 869 948 962 998 1070 1091 1119 1227 1437 1691 1746 2020 2033 2492 2685 2972 3003 3066 3229 3244 4081 4148 4171 4289 4370 4581 4962 5275 5659 5664 5850 6405 6795 7167 7607 7913 9127
92 16 24 27 41 45 47 49 57 71 74 80 81 92 97 106 107 108 122 132 142 144 161 166 179 206 210 216 235 255 299 304 316 346 356 451 549 595 611 659 715 789 815 1334 1434 1583 1673 1714 1799 1862 1958 2067 2385 2572 3097 3299 5329 6166 7373 7776 7977 8801 8948 9138
93 60 85 106 108 122 128 150 164 185 201 207 244 276 353 549 555 597 616 632 750 866 871 915 977 1010 1098 1103 1736 1948 1951 2205 2285 3532 3535 3586 4070 4219 4273 5041 6137 9040
94 77 91 133 170 171 178 189 206 218 225 272 374 402 414 557 572 686 697 725 757 812 830 857 900 946 975 1001 1008 1223 1344 1360 1790 2329 2601 2882 2965 4425 4625 4857 5447 5483 5909 6785 7590 7971
95 90 119 200 240 258 277 313 395 487 488 594 626 652 742 813 929 1112 1113 1431 1575 1582 1863 2017 2195 2436 2437 2668 2670 2820 2894 3198 3227 3406 3646 3995 4238 5390 5442 5516 6205 6270 6951 7173 8243
96 4 10 11 12 18 24 28 31 32 45 56 57 58 63 65 70 74 107 108 123 127 131 140 145 149 152 155 163 184 189 197 201 219 224 229 249 267 271 310 365 455 504 542 596 609 715 737 1001 1339 1361 2003 2088 2240 2818
97 0 1 2 3 4 5 6 7 8 9 10 12 13 14 15 18 19 20 21 22 27 28 29 30 36 50 62 63 65 69 72 78 84 86 90 100 103 114 120 121 126 138 148 197 249 267 285 290 329 375 426 624 671 815 879 914 1200 1395 1434 1868 1881 2653 2889 3441 4142 4266 4301 5276 5381 6102 6379 9630 9691
98 0 1 2 3 4 5 6 7 8 9 10 11 12 14 15 16 17 18 19 20 23 26 27 28 30 32 38 41 44 52 55 56 58 62 63 65 69 72 82 114 120 121 139 157 198 224 229 236 249 285 303 329 355 410 797 915 927 1736 2039 2148 2478 3097 5350 5394 6201 7173 7347 7753
99 0 7 8 9 10 15 22 28 29 32 36 39 56 61 62 63 68 69 79 81 84 103 117 119 135 138 139 155 160 166 168 173 175 195 199 252 303 370 406 454 482 503 511 583 599 609 637 686 708 867 1023 1093 1320 1334 1352 1541 1756 1793 1954 1989 2478 3057 3110 3849 4258 4818 4869 5851 6385 6402 7218 7234 8270 8707 9447
