754
0 0
0 0
0 0
0 0
0 0
0 0
0 0
0 0
0 0
0 0
0 0
0 0
0 0
0 0
0 0
0 0
0 0
0 0
0 0
0 0
0 0
0 0
0 0
0 0
0 0
0 0
0 0
0 0
0 0
0 0
0 0
0 0
0 0
0 0
0 0
0 0
0 0
0 0
0 0
0 0
0 0
0 0
0 0
0 0
0 0
0 0
0 0
0 0
0 0
0 0
0 0
0 0
0 0
0 0
0 0
0 0
0 0
0 0
0 0
0 0
0 0
0 0
0 0
0 0
0 0
0 0
0 0
0 0
0 0
0 0
0 0
0 0
0 0
0 0
0 0
0 0
0 0
0 0
0 0
0 0
0 0
0 0
0 0
0 0
0 0
0 0
0 0
0 0
0 0
0 0
0 0
0 0
0 0
0 0
0 0
0 0
0 0
0 0
0 0
0 0
0 0
0 0
0 0
0 0
0 0
0 0
0 0
0 0
0 0
0 0
0 0
0 0
0 0
0 0
0 0
0 0
0 0
0 0
0 0
0 0
0 0
0 0
0 0
0 0
0 0
0 0
0 0
0 0
0 0
0 0
0 0
0 0
0 0
0 0
0 0
0 0
0 0
0 0
0 0
0 0
0 0
0 0
0 0
0 0
0 0
0 0
0 0
0 0
0 0
0 0
0 0
0 0
0 0
0 0
0 0
0 0
0 0
0 0
0 0
0 0
0 0
0 0
0 0
0 0
0 0
0 0
0 0
0 0
0 0
0 0
0 0
0 0
0 0
0 0
0 0
0 0
0 0
0 0
0 0
0 0
0 0
0 0
0 0
0 0
0 0
0 0
0 0
0 0
0 0
0 0
0 0
0 0
0 0
0 0
0 0
0 0
0 0
0 0
0 0
0 0
0 0
0 0
317
0 0
16
0 0
784
649
959
0 0
0 0
691
220
0 0
0 0
194
308
420
506
989
0 0
569
0 0
0 0
694
0 0
0 0
333
0 0
122
626
0 0
0 0
192
646
722
0 0
0 0
0 0
0 0
141
0 0
948
0 0
0 0
0 0
33
268
282
829
0 0
505
0 0
42
780
678
340
326
741
655
374
0 0
164
110
210
914
966
854
730
43
538
955
0 0
747
0 0
0 0
448
235
0 0
734
354
0 0
397
112
647
176
848
0 0
938
766
0 0
351
107
0 0
843
983
971
379
170
0 0
0 0
809
0 0
342
592
14
298
258
293
431
493
356
1
184
826
132
0 0
540
807
0 0
0 0
489
893
0 0
0 0
0 0
325
642
652
0 0
733
323
377
895
136
312
186
477
764
519
639
425
692
276
0 0
823
742
239
767
0 0
997
574
283
0 0
473
453
672
309
917
787
859
205
842
303
491
875
56
440
486
520
240
140
702
575
851
772
29
690
933
446
850
62
0 0
931
640
135
536
611
75
74
315
593
319
621
975
680
515
193
658
819
332
605
442
284
73
222
908
738
316
45
667
786
346
804
229
412
334
669
100
328
604
785
839
682
727
874
693
174
233
906
267
724
358
406
719
713
935
63
380
378
776
976
230
177
748
865
597
822
815
274
278
778
369
845
225
483
272
441
7
436
869
531
439
584
922
878
820
944
650
60
812
178
362
790
852
591
663
245
863
849
255
159
671
516
533
888
718
656
352
560
921
209
393
502
120
421
311
279
596
708
978
396
811
17
189
688
736
213
435
707
507
907
821
460
627
208
232
554
0 0
305
712
106
831
896
25
391
870
827
292
791
613
998
77
602
253 696
70
462
167
251
987
456
357
610
570
212
992
860
202
936
500
433
565
361
467
526
203
644
754
926
228
103
166
349
963
549
3
21
302
261
364
81
389
755
687
423
23
594
677
899
986
864
530
5
41
92
451
121
39
485
400
757
265
98
370
299
532
951
641
347
743
360
889
13
555
35
499
923
320
855
87
509
50
216
468
913
142
970
614
19
313
972
954
296
877
34
739
139
301
539
275
367
38
450
964
830
48
479
559
867
221 573
900
281
576
551
561
729
329
430
648
886
125
567
732
457
706
28
779
219
541
148
211
404
348
508
925
799
623
761
197
969
994
314
836
187
546
247
83
181
887
480
645
196
149
113
11
416
111
472
939
756
745
777
78
768
905
497
725
942
950
488
294
962
90
381
704
217
679
746
638
557
287
300
792
514
429
880
616
387
277
286
556
550
109
463
127
201
9
22
179
890
4
802
844
723
775
89
504
154
145
24
924
771
254
606
629
411
654
803
241
588
728
260
185 817
758 155
